stdio    D         file_stdio.c:110  file_stdio_fopen                 [   0.00000] opening C:\Users\keli_\OneDrive\Área de Trabalho\Projeto-Manhattan\x64\Debug\allegro5.cfg r
system   D            wsystem.c:834  maybe_parent_dir                 [   0.00000] Also searching C:\Users\keli_\OneDrive\Área de Trabalho\Projeto-Manhattan\x64\
system   D            wsystem.c:889  _al_win_safe_load_library        [   0.00000] PathFindOnPath found: C:\WINDOWS\system32\shcore.dll
system   D            wsystem.c:795  load_library_at_path             [   0.00000] Calling LoadLibrary C:\WINDOWS\system32\shcore.dll
system   I            wsystem.c:798  load_library_at_path             [   0.00000] Loaded C:\WINDOWS\system32\shcore.dll
system   I             system.c:271  al_install_system                [   0.00000] Allegro version: 5.2.8
system   D            wsystem.c:834  maybe_parent_dir                 [   0.00412] Also searching C:\Users\keli_\OneDrive\Área de Trabalho\Projeto-Manhattan\x64\
system   D            wsystem.c:889  _al_win_safe_load_library        [   0.00464] PathFindOnPath found: C:\WINDOWS\system32\d3d9.dll
system   D            wsystem.c:795  load_library_at_path             [   0.00472] Calling LoadLibrary C:\WINDOWS\system32\d3d9.dll
system   I            wsystem.c:798  load_library_at_path             [   0.00622] Loaded C:\WINDOWS\system32\d3d9.dll
d3d      I         d3d_disp.cpp:679  d3d_init_display                 [   0.03502] Render-to-texture: 1
d3d      I         d3d_disp.cpp:1780 d3d_create_display_locked        [   0.03618] faux_fullscreen=0
d3d      D         d3d_disp.cpp:1781 d3d_create_display_locked        [   0.03626] al_display=00000275FEDA5460
d3d      D         d3d_disp.cpp:1782 d3d_create_display_locked        [   0.03632] al_display->vt=00000275FED81A80
d3d      I d3d_display_formats.cpp:144  _al_d3d_generate_display_format_list [   0.03918] found 64 format combinations
display  D   display_settings.c:214  debug_display_settings           [   0.03926] color: 32 (rgba 8880), depth: 0, stencil: 0, acc: 0000, samples: 0/0
display  D   display_settings.c:529  _al_score_display_settings       [   0.03932] Score is : 897
display  D   display_settings.c:214  debug_display_settings           [   0.03936] color: 32 (rgba 8880), depth: 0, stencil: 0, acc: 0000, samples: 0/0
display  D   display_settings.c:529  _al_score_display_settings       [   0.03941] Score is : 897
display  D   display_settings.c:214  debug_display_settings           [   0.03944] color: 32 (rgba 8880), depth: 24, stencil: 8, acc: 0000, samples: 0/0
display  D   display_settings.c:529  _al_score_display_settings       [   0.03949] Score is : 897
display  D   display_settings.c:214  debug_display_settings           [   0.03952] color: 32 (rgba 8880), depth: 24, stencil: 8, acc: 0000, samples: 0/0
display  D   display_settings.c:529  _al_score_display_settings       [   0.03957] Score is : 897
display  D   display_settings.c:214  debug_display_settings           [   0.03960] color: 32 (rgba 8880), depth: 24, stencil: 0, acc: 0000, samples: 0/0
display  D   display_settings.c:529  _al_score_display_settings       [   0.03965] Score is : 897
display  D   display_settings.c:214  debug_display_settings           [   0.03968] color: 32 (rgba 8880), depth: 24, stencil: 0, acc: 0000, samples: 0/0
display  D   display_settings.c:529  _al_score_display_settings       [   0.03974] Score is : 897
display  D   display_settings.c:214  debug_display_settings           [   0.03980] color: 32 (rgba 8880), depth: 16, stencil: 0, acc: 0000, samples: 0/0
display  D   display_settings.c:529  _al_score_display_settings       [   0.03986] Score is : 897
display  D   display_settings.c:214  debug_display_settings           [   0.03992] color: 32 (rgba 8880), depth: 16, stencil: 0, acc: 0000, samples: 0/0
display  D   display_settings.c:529  _al_score_display_settings       [   0.03998] Score is : 897
display  D   display_settings.c:214  debug_display_settings           [   0.04003] color: 16 (rgba 5650), depth: 0, stencil: 0, acc: 0000, samples: 0/0
display  D   display_settings.c:529  _al_score_display_settings       [   0.04014] Score is : 897
display  D   display_settings.c:214  debug_display_settings           [   0.04018] color: 16 (rgba 5650), depth: 0, stencil: 0, acc: 0000, samples: 0/0
display  D   display_settings.c:529  _al_score_display_settings       [   0.04023] Score is : 897
display  D   display_settings.c:214  debug_display_settings           [   0.04027] color: 16 (rgba 5650), depth: 24, stencil: 8, acc: 0000, samples: 0/0
display  D   display_settings.c:529  _al_score_display_settings       [   0.04031] Score is : 897
display  D   display_settings.c:214  debug_display_settings           [   0.04035] color: 16 (rgba 5650), depth: 24, stencil: 8, acc: 0000, samples: 0/0
display  D   display_settings.c:529  _al_score_display_settings       [   0.04040] Score is : 897
display  D   display_settings.c:214  debug_display_settings           [   0.04044] color: 16 (rgba 5650), depth: 24, stencil: 0, acc: 0000, samples: 0/0
display  D   display_settings.c:529  _al_score_display_settings       [   0.04051] Score is : 897
display  D   display_settings.c:214  debug_display_settings           [   0.04055] color: 16 (rgba 5650), depth: 24, stencil: 0, acc: 0000, samples: 0/0
display  D   display_settings.c:529  _al_score_display_settings       [   0.04068] Score is : 897
display  D   display_settings.c:214  debug_display_settings           [   0.04076] color: 16 (rgba 5650), depth: 16, stencil: 0, acc: 0000, samples: 0/0
display  D   display_settings.c:529  _al_score_display_settings       [   0.04084] Score is : 897
display  D   display_settings.c:214  debug_display_settings           [   0.04089] color: 16 (rgba 5650), depth: 16, stencil: 0, acc: 0000, samples: 0/0
display  D   display_settings.c:529  _al_score_display_settings       [   0.04096] Score is : 897
display  D   display_settings.c:214  debug_display_settings           [   0.04102] color: 32 (rgba 8880), depth: 0, stencil: 0, acc: 0000, samples: 0/0
display  D   display_settings.c:400  _al_score_display_settings       [   0.04108] Single Buffer requirement not met.
display  D   display_settings.c:214  debug_display_settings           [   0.04114] color: 32 (rgba 8880), depth: 0, stencil: 0, acc: 0000, samples: 0/0
display  D   display_settings.c:400  _al_score_display_settings       [   0.04120] Single Buffer requirement not met.
display  D   display_settings.c:214  debug_display_settings           [   0.04126] color: 32 (rgba 8880), depth: 24, stencil: 8, acc: 0000, samples: 0/0
display  D   display_settings.c:400  _al_score_display_settings       [   0.04132] Single Buffer requirement not met.
display  D   display_settings.c:214  debug_display_settings           [   0.04138] color: 32 (rgba 8880), depth: 24, stencil: 8, acc: 0000, samples: 0/0
display  D   display_settings.c:400  _al_score_display_settings       [   0.04144] Single Buffer requirement not met.
display  D   display_settings.c:214  debug_display_settings           [   0.04150] color: 32 (rgba 8880), depth: 24, stencil: 0, acc: 0000, samples: 0/0
display  D   display_settings.c:400  _al_score_display_settings       [   0.04156] Single Buffer requirement not met.
display  D   display_settings.c:214  debug_display_settings           [   0.04162] color: 32 (rgba 8880), depth: 24, stencil: 0, acc: 0000, samples: 0/0
display  D   display_settings.c:400  _al_score_display_settings       [   0.04169] Single Buffer requirement not met.
display  D   display_settings.c:214  debug_display_settings           [   0.04175] color: 32 (rgba 8880), depth: 16, stencil: 0, acc: 0000, samples: 0/0
display  D   display_settings.c:400  _al_score_display_settings       [   0.04185] Single Buffer requirement not met.
display  D   display_settings.c:214  debug_display_settings           [   0.04192] color: 32 (rgba 8880), depth: 16, stencil: 0, acc: 0000, samples: 0/0
display  D   display_settings.c:400  _al_score_display_settings       [   0.04198] Single Buffer requirement not met.
display  D   display_settings.c:214  debug_display_settings           [   0.04204] color: 16 (rgba 5650), depth: 0, stencil: 0, acc: 0000, samples: 0/0
display  D   display_settings.c:400  _al_score_display_settings       [   0.04211] Single Buffer requirement not met.
display  D   display_settings.c:214  debug_display_settings           [   0.04217] color: 16 (rgba 5650), depth: 0, stencil: 0, acc: 0000, samples: 0/0
display  D   display_settings.c:400  _al_score_display_settings       [   0.04224] Single Buffer requirement not met.
display  D   display_settings.c:214  debug_display_settings           [   0.04230] color: 16 (rgba 5650), depth: 24, stencil: 8, acc: 0000, samples: 0/0
display  D   display_settings.c:400  _al_score_display_settings       [   0.04236] Single Buffer requirement not met.
display  D   display_settings.c:214  debug_display_settings           [   0.04242] color: 16 (rgba 5650), depth: 24, stencil: 8, acc: 0000, samples: 0/0
display  D   display_settings.c:400  _al_score_display_settings       [   0.04248] Single Buffer requirement not met.
display  D   display_settings.c:214  debug_display_settings           [   0.04254] color: 16 (rgba 5650), depth: 24, stencil: 0, acc: 0000, samples: 0/0
display  D   display_settings.c:400  _al_score_display_settings       [   0.04261] Single Buffer requirement not met.
display  D   display_settings.c:214  debug_display_settings           [   0.04267] color: 16 (rgba 5650), depth: 24, stencil: 0, acc: 0000, samples: 0/0
display  D   display_settings.c:400  _al_score_display_settings       [   0.04273] Single Buffer requirement not met.
display  D   display_settings.c:214  debug_display_settings           [   0.04279] color: 16 (rgba 5650), depth: 16, stencil: 0, acc: 0000, samples: 0/0
display  D   display_settings.c:400  _al_score_display_settings       [   0.04288] Single Buffer requirement not met.
display  D   display_settings.c:214  debug_display_settings           [   0.04297] color: 16 (rgba 5650), depth: 16, stencil: 0, acc: 0000, samples: 0/0
display  D   display_settings.c:400  _al_score_display_settings       [   0.04304] Single Buffer requirement not met.
display  D   display_settings.c:214  debug_display_settings           [   0.04312] color: 32 (rgba 8880), depth: 0, stencil: 0, acc: 0000, samples: 0/0
display  D   display_settings.c:529  _al_score_display_settings       [   0.04324] Score is : 769
display  D   display_settings.c:214  debug_display_settings           [   0.04331] color: 32 (rgba 8880), depth: 0, stencil: 0, acc: 0000, samples: 0/0
display  D   display_settings.c:529  _al_score_display_settings       [   0.04338] Score is : 769
display  D   display_settings.c:214  debug_display_settings           [   0.04345] color: 32 (rgba 8880), depth: 24, stencil: 8, acc: 0000, samples: 0/0
display  D   display_settings.c:529  _al_score_display_settings       [   0.04351] Score is : 769
display  D   display_settings.c:214  debug_display_settings           [   0.04357] color: 32 (rgba 8880), depth: 24, stencil: 8, acc: 0000, samples: 0/0
display  D   display_settings.c:529  _al_score_display_settings       [   0.04364] Score is : 769
display  D   display_settings.c:214  debug_display_settings           [   0.04370] color: 32 (rgba 8880), depth: 24, stencil: 0, acc: 0000, samples: 0/0
display  D   display_settings.c:529  _al_score_display_settings       [   0.04378] Score is : 769
display  D   display_settings.c:214  debug_display_settings           [   0.04384] color: 32 (rgba 8880), depth: 24, stencil: 0, acc: 0000, samples: 0/0
display  D   display_settings.c:529  _al_score_display_settings       [   0.04391] Score is : 769
display  D   display_settings.c:214  debug_display_settings           [   0.04396] color: 32 (rgba 8880), depth: 16, stencil: 0, acc: 0000, samples: 0/0
display  D   display_settings.c:529  _al_score_display_settings       [   0.04403] Score is : 769
display  D   display_settings.c:214  debug_display_settings           [   0.04409] color: 32 (rgba 8880), depth: 16, stencil: 0, acc: 0000, samples: 0/0
display  D   display_settings.c:529  _al_score_display_settings       [   0.04416] Score is : 769
display  D   display_settings.c:214  debug_display_settings           [   0.04422] color: 16 (rgba 5650), depth: 0, stencil: 0, acc: 0000, samples: 0/0
display  D   display_settings.c:529  _al_score_display_settings       [   0.04429] Score is : 769
display  D   display_settings.c:214  debug_display_settings           [   0.04434] color: 16 (rgba 5650), depth: 0, stencil: 0, acc: 0000, samples: 0/0
display  D   display_settings.c:529  _al_score_display_settings       [   0.04441] Score is : 769
display  D   display_settings.c:214  debug_display_settings           [   0.04446] color: 16 (rgba 5650), depth: 24, stencil: 8, acc: 0000, samples: 0/0
display  D   display_settings.c:529  _al_score_display_settings       [   0.04453] Score is : 769
display  D   display_settings.c:214  debug_display_settings           [   0.04458] color: 16 (rgba 5650), depth: 24, stencil: 8, acc: 0000, samples: 0/0
display  D   display_settings.c:529  _al_score_display_settings       [   0.04465] Score is : 769
display  D   display_settings.c:214  debug_display_settings           [   0.04470] color: 16 (rgba 5650), depth: 24, stencil: 0, acc: 0000, samples: 0/0
display  D   display_settings.c:529  _al_score_display_settings       [   0.04477] Score is : 769
display  D   display_settings.c:214  debug_display_settings           [   0.04483] color: 16 (rgba 5650), depth: 24, stencil: 0, acc: 0000, samples: 0/0
display  D   display_settings.c:529  _al_score_display_settings       [   0.04490] Score is : 769
display  D   display_settings.c:214  debug_display_settings           [   0.04495] color: 16 (rgba 5650), depth: 16, stencil: 0, acc: 0000, samples: 0/0
display  D   display_settings.c:529  _al_score_display_settings       [   0.04502] Score is : 769
display  D   display_settings.c:214  debug_display_settings           [   0.04507] color: 16 (rgba 5650), depth: 16, stencil: 0, acc: 0000, samples: 0/0
display  D   display_settings.c:529  _al_score_display_settings       [   0.04514] Score is : 769
display  D   display_settings.c:214  debug_display_settings           [   0.04520] color: 32 (rgba 8880), depth: 0, stencil: 0, acc: 0000, samples: 0/0
display  D   display_settings.c:400  _al_score_display_settings       [   0.04527] Single Buffer requirement not met.
display  D   display_settings.c:214  debug_display_settings           [   0.04533] color: 32 (rgba 8880), depth: 0, stencil: 0, acc: 0000, samples: 0/0
display  D   display_settings.c:400  _al_score_display_settings       [   0.04539] Single Buffer requirement not met.
display  D   display_settings.c:214  debug_display_settings           [   0.04545] color: 32 (rgba 8880), depth: 24, stencil: 8, acc: 0000, samples: 0/0
display  D   display_settings.c:400  _al_score_display_settings       [   0.04551] Single Buffer requirement not met.
display  D   display_settings.c:214  debug_display_settings           [   0.04557] color: 32 (rgba 8880), depth: 24, stencil: 8, acc: 0000, samples: 0/0
display  D   display_settings.c:400  _al_score_display_settings       [   0.04563] Single Buffer requirement not met.
display  D   display_settings.c:214  debug_display_settings           [   0.04569] color: 32 (rgba 8880), depth: 24, stencil: 0, acc: 0000, samples: 0/0
display  D   display_settings.c:400  _al_score_display_settings       [   0.04576] Single Buffer requirement not met.
display  D   display_settings.c:214  debug_display_settings           [   0.04581] color: 32 (rgba 8880), depth: 24, stencil: 0, acc: 0000, samples: 0/0
display  D   display_settings.c:400  _al_score_display_settings       [   0.04588] Single Buffer requirement not met.
display  D   display_settings.c:214  debug_display_settings           [   0.04594] color: 32 (rgba 8880), depth: 16, stencil: 0, acc: 0000, samples: 0/0
display  D   display_settings.c:400  _al_score_display_settings       [   0.04600] Single Buffer requirement not met.
display  D   display_settings.c:214  debug_display_settings           [   0.04606] color: 32 (rgba 8880), depth: 16, stencil: 0, acc: 0000, samples: 0/0
display  D   display_settings.c:400  _al_score_display_settings       [   0.04620] Single Buffer requirement not met.
display  D   display_settings.c:214  debug_display_settings           [   0.04626] color: 16 (rgba 5650), depth: 0, stencil: 0, acc: 0000, samples: 0/0
display  D   display_settings.c:400  _al_score_display_settings       [   0.04633] Single Buffer requirement not met.
display  D   display_settings.c:214  debug_display_settings           [   0.04638] color: 16 (rgba 5650), depth: 0, stencil: 0, acc: 0000, samples: 0/0
display  D   display_settings.c:400  _al_score_display_settings       [   0.04645] Single Buffer requirement not met.
display  D   display_settings.c:214  debug_display_settings           [   0.04651] color: 16 (rgba 5650), depth: 24, stencil: 8, acc: 0000, samples: 0/0
display  D   display_settings.c:400  _al_score_display_settings       [   0.04657] Single Buffer requirement not met.
display  D   display_settings.c:214  debug_display_settings           [   0.04662] color: 16 (rgba 5650), depth: 24, stencil: 8, acc: 0000, samples: 0/0
display  D   display_settings.c:400  _al_score_display_settings       [   0.04669] Single Buffer requirement not met.
display  D   display_settings.c:214  debug_display_settings           [   0.04674] color: 16 (rgba 5650), depth: 24, stencil: 0, acc: 0000, samples: 0/0
display  D   display_settings.c:400  _al_score_display_settings       [   0.04681] Single Buffer requirement not met.
display  D   display_settings.c:214  debug_display_settings           [   0.04687] color: 16 (rgba 5650), depth: 24, stencil: 0, acc: 0000, samples: 0/0
display  D   display_settings.c:400  _al_score_display_settings       [   0.04694] Single Buffer requirement not met.
display  D   display_settings.c:214  debug_display_settings           [   0.04699] color: 16 (rgba 5650), depth: 16, stencil: 0, acc: 0000, samples: 0/0
display  D   display_settings.c:400  _al_score_display_settings       [   0.04706] Single Buffer requirement not met.
display  D   display_settings.c:214  debug_display_settings           [   0.04712] color: 16 (rgba 5650), depth: 16, stencil: 0, acc: 0000, samples: 0/0
display  D   display_settings.c:400  _al_score_display_settings       [   0.04719] Single Buffer requirement not met.
d3d      D         d3d_disp.cpp:1677 d3d_create_display_internals     [   0.04728] Trying format 0.
d3d      I         d3d_disp.cpp:1353 d3d_display_thread_proc          [   0.04765] Chose a display format: 23
d3d      I         d3d_disp.cpp:1422 d3d_display_thread_proc          [   0.04773] Normal window.
d3d      I         d3d_disp.cpp:786  d3d_create_device                [   0.08233] Using no depth stencil buffer
d3d      D         d3d_disp.cpp:848  d3d_create_device                [   0.11346] BeginScene succeeded in create_device
d3d      D         d3d_disp.cpp:856  d3d_create_device                [   0.11355] Success
d3d      D         d3d_disp.cpp:1703 d3d_create_display_internals     [   0.11362] Resumed after wait.
d3d      I         d3d_disp.cpp:1736 d3d_create_display_internals     [   0.11369] Format 0 succeeded.
d3d      D         d3d_disp.cpp:1767 d3d_create_display_internals     [   0.11413] Returning d3d_display: 00000275FEDA5460
d3d      D         d3d_disp.cpp:1792 d3d_create_display_locked        [   0.11419] al_display=00000275FEDA5460
d3d      D         d3d_disp.cpp:1793 d3d_create_display_locked        [   0.11423] al_display->vt=00000275FED81A80
system   D            wsystem.c:834  maybe_parent_dir                 [   0.11472] Also searching C:\Users\keli_\OneDrive\Área de Trabalho\Projeto-Manhattan\x64\
system   D            wsystem.c:889  _al_win_safe_load_library        [   0.11528] PathFindOnPath found: C:\WINDOWS\system32\d3dx9_43.dll
system   D            wsystem.c:795  load_library_at_path             [   0.11534] Calling LoadLibrary C:\WINDOWS\system32\d3dx9_43.dll
system   I            wsystem.c:798  load_library_at_path             [   0.11616] Loaded C:\WINDOWS\system32\d3dx9_43.dll
d3dx9    I        d3d_d3dx9.cpp:88   _imp_load_d3dx9_module_version   [   0.11623] Module "d3dx9_43.dll" loaded.
dtor     D               dtor.c:196  _al_register_destructor          [   0.12160] added dtor for bitmap 00000275FFA19400, func 00007FFB82BC118B
dtor     D               dtor.c:196  _al_register_destructor          [   0.12347] added dtor for bitmap 00000275FFA17CC0, func 00007FFB82BC118B
d3d      D         d3d_disp.cpp:1197 real_choose_bitmap_format        [   0.12762] Fake format
d3d      D         d3d_disp.cpp:1197 real_choose_bitmap_format        [   0.12774] Fake format
d3d      D         d3d_disp.cpp:1197 real_choose_bitmap_format        [   0.12778] Fake format
d3d      D         d3d_disp.cpp:1197 real_choose_bitmap_format        [   0.12784] Fake format
d3d      D         d3d_disp.cpp:1197 real_choose_bitmap_format        [   0.12789] Fake format
d3d      D         d3d_disp.cpp:1197 real_choose_bitmap_format        [   0.12793] Fake format
d3d      D         d3d_disp.cpp:1197 real_choose_bitmap_format        [   0.12798] Fake format
d3d      D         d3d_disp.cpp:1197 real_choose_bitmap_format        [   0.12803] Fake format
d3d      D         d3d_disp.cpp:1197 real_choose_bitmap_format        [   0.12808] Fake format
d3d      D         d3d_disp.cpp:1205 real_choose_bitmap_format        [   0.12813] Alpha doesn't match
d3d      D         d3d_disp.cpp:1212 real_choose_bitmap_format        [   0.12818] Adapter format is 23
d3d      D         d3d_disp.cpp:1215 real_choose_bitmap_format        [   0.12823] Found a format
d3d      I         d3d_disp.cpp:2388 d3d_create_bitmap                [   0.12829] Chose bitmap format 9
dtor     D               dtor.c:196  _al_register_destructor          [   0.12871] added dtor for bitmap 00000275FFA17EB0, func 00007FFB82BC118B
dtor     D               dtor.c:196  _al_register_destructor          [   0.12942] added dtor for sub_bitmap 00000275FFAFE8F0, func 00007FFB82BC118B
dtor     D               dtor.c:196  _al_register_destructor          [   0.12951] added dtor for sub_bitmap 00000275FFAFE510, func 00007FFB82BC118B
dtor     D               dtor.c:196  _al_register_destructor          [   0.12958] added dtor for sub_bitmap 00000275FFAFE130, func 00007FFB82BC118B
dtor     D               dtor.c:196  _al_register_destructor          [   0.12965] added dtor for sub_bitmap 00000275FFAFFA60, func 00007FFB82BC118B
dtor     D               dtor.c:196  _al_register_destructor          [   0.12971] added dtor for sub_bitmap 00000275FFAFFC50, func 00007FFB82BC118B
dtor     D               dtor.c:196  _al_register_destructor          [   0.12977] added dtor for sub_bitmap 00000275FFAFF490, func 00007FFB82BC118B
dtor     D               dtor.c:196  _al_register_destructor          [   0.12984] added dtor for sub_bitmap 00000275FFAFFE40, func 00007FFB82BC118B
dtor     D               dtor.c:196  _al_register_destructor          [   0.12990] added dtor for sub_bitmap 00000275FFAFEEC0, func 00007FFB82BC118B
dtor     D               dtor.c:196  _al_register_destructor          [   0.12997] added dtor for sub_bitmap 00000275FFAFF870, func 00007FFB82BC118B
dtor     D               dtor.c:196  _al_register_destructor          [   0.13004] added dtor for sub_bitmap 00000275FFAFECD0, func 00007FFB82BC118B
dtor     D               dtor.c:196  _al_register_destructor          [   0.13009] added dtor for sub_bitmap 00000275FFAFF680, func 00007FFB82BC118B
dtor     D               dtor.c:196  _al_register_destructor          [   0.13013] added dtor for sub_bitmap 00000275FFAFF2A0, func 00007FFB82BC118B
dtor     D               dtor.c:196  _al_register_destructor          [   0.13017] added dtor for sub_bitmap 00000275FFAFE700, func 00007FFB82BC118B
dtor     D               dtor.c:196  _al_register_destructor          [   0.13022] added dtor for sub_bitmap 00000275FFAFEAE0, func 00007FFB82BC118B
dtor     D               dtor.c:196  _al_register_destructor          [   0.13026] added dtor for sub_bitmap 00000275FFAFF0B0, func 00007FFB82BC118B
dtor     D               dtor.c:196  _al_register_destructor          [   0.13032] added dtor for sub_bitmap 00000275FFB1B440, func 00007FFB82BC118B
dtor     D               dtor.c:196  _al_register_destructor          [   0.13036] added dtor for sub_bitmap 00000275FFB1B250, func 00007FFB82BC118B
dtor     D               dtor.c:196  _al_register_destructor          [   0.13041] added dtor for sub_bitmap 00000275FFB1AE70, func 00007FFB82BC118B
dtor     D               dtor.c:196  _al_register_destructor          [   0.13045] added dtor for sub_bitmap 00000275FFB1B630, func 00007FFB82BC118B
dtor     D               dtor.c:196  _al_register_destructor          [   0.13049] added dtor for sub_bitmap 00000275FFB1B820, func 00007FFB82BC118B
dtor     D               dtor.c:196  _al_register_destructor          [   0.13053] added dtor for sub_bitmap 00000275FFB1BA10, func 00007FFB82BC118B
dtor     D               dtor.c:196  _al_register_destructor          [   0.13057] added dtor for sub_bitmap 00000275FFB1BC00, func 00007FFB82BC118B
dtor     D               dtor.c:196  _al_register_destructor          [   0.13061] added dtor for sub_bitmap 00000275FFB1C7A0, func 00007FFB82BC118B
dtor     D               dtor.c:196  _al_register_destructor          [   0.13065] added dtor for sub_bitmap 00000275FFB1BDF0, func 00007FFB82BC118B
dtor     D               dtor.c:196  _al_register_destructor          [   0.13069] added dtor for sub_bitmap 00000275FFB1C5B0, func 00007FFB82BC118B
dtor     D               dtor.c:196  _al_register_destructor          [   0.13074] added dtor for sub_bitmap 00000275FFB1B060, func 00007FFB82BC118B
dtor     D               dtor.c:196  _al_register_destructor          [   0.13078] added dtor for sub_bitmap 00000275FFB1C990, func 00007FFB82BC118B
dtor     D               dtor.c:196  _al_register_destructor          [   0.13082] added dtor for sub_bitmap 00000275FFB1BFE0, func 00007FFB82BC118B
dtor     D               dtor.c:196  _al_register_destructor          [   0.13086] added dtor for sub_bitmap 00000275FFB1C1D0, func 00007FFB82BC118B
dtor     D               dtor.c:196  _al_register_destructor          [   0.13090] added dtor for sub_bitmap 00000275FFB1C3C0, func 00007FFB82BC118B
dtor     D               dtor.c:196  _al_register_destructor          [   0.13095] added dtor for sub_bitmap 00000275FFB1AC80, func 00007FFB82BC118B
dtor     D               dtor.c:196  _al_register_destructor          [   0.13102] added dtor for sub_bitmap 00000275FFB1E0A0, func 00007FFB82BC118B
dtor     D               dtor.c:196  _al_register_destructor          [   0.13109] added dtor for sub_bitmap 00000275FFB1E860, func 00007FFB82BC118B
dtor     D               dtor.c:196  _al_register_destructor          [   0.13115] added dtor for sub_bitmap 00000275FFB1F5F0, func 00007FFB82BC118B
dtor     D               dtor.c:196  _al_register_destructor          [   0.13121] added dtor for sub_bitmap 00000275FFB1FBC0, func 00007FFB82BC118B
dtor     D               dtor.c:196  _al_register_destructor          [   0.13127] added dtor for sub_bitmap 00000275FFB1F7E0, func 00007FFB82BC118B
dtor     D               dtor.c:196  _al_register_destructor          [   0.13134] added dtor for sub_bitmap 00000275FFB1EA50, func 00007FFB82BC118B
dtor     D               dtor.c:196  _al_register_destructor          [   0.13140] added dtor for sub_bitmap 00000275FFB1DEB0, func 00007FFB82BC118B
dtor     D               dtor.c:196  _al_register_destructor          [   0.13146] added dtor for sub_bitmap 00000275FFB1F9D0, func 00007FFB82BC118B
dtor     D               dtor.c:196  _al_register_destructor          [   0.13152] added dtor for sub_bitmap 00000275FFB1F400, func 00007FFB82BC118B
dtor     D               dtor.c:196  _al_register_destructor          [   0.13156] added dtor for sub_bitmap 00000275FFB1E290, func 00007FFB82BC118B
dtor     D               dtor.c:196  _al_register_destructor          [   0.13160] added dtor for sub_bitmap 00000275FFB1E480, func 00007FFB82BC118B
dtor     D               dtor.c:196  _al_register_destructor          [   0.13164] added dtor for sub_bitmap 00000275FFB1E670, func 00007FFB82BC118B
dtor     D               dtor.c:196  _al_register_destructor          [   0.13171] added dtor for sub_bitmap 00000275FFB1EC40, func 00007FFB82BC118B
dtor     D               dtor.c:196  _al_register_destructor          [   0.13177] added dtor for sub_bitmap 00000275FFB1EE30, func 00007FFB82BC118B
dtor     D               dtor.c:196  _al_register_destructor          [   0.13184] added dtor for sub_bitmap 00000275FFB1F020, func 00007FFB82BC118B
dtor     D               dtor.c:196  _al_register_destructor          [   0.13189] added dtor for sub_bitmap 00000275FFB1F210, func 00007FFB82BC118B
dtor     D               dtor.c:196  _al_register_destructor          [   0.13194] added dtor for sub_bitmap 00000275FFB20A60, func 00007FFB82BC118B
dtor     D               dtor.c:196  _al_register_destructor          [   0.13199] added dtor for sub_bitmap 00000275FFB21BD0, func 00007FFB82BC118B
dtor     D               dtor.c:196  _al_register_destructor          [   0.13203] added dtor for sub_bitmap 00000275FFB21220, func 00007FFB82BC118B
dtor     D               dtor.c:196  _al_register_destructor          [   0.13208] added dtor for sub_bitmap 00000275FFB21410, func 00007FFB82BC118B
dtor     D               dtor.c:196  _al_register_destructor          [   0.13213] added dtor for sub_bitmap 00000275FFB21030, func 00007FFB82BC118B
dtor     D               dtor.c:196  _al_register_destructor          [   0.13217] added dtor for sub_bitmap 00000275FFB20C50, func 00007FFB82BC118B
dtor     D               dtor.c:196  _al_register_destructor          [   0.13222] added dtor for sub_bitmap 00000275FFB20E40, func 00007FFB82BC118B
dtor     D               dtor.c:196  _al_register_destructor          [   0.13227] added dtor for sub_bitmap 00000275FFB217F0, func 00007FFB82BC118B
dtor     D               dtor.c:196  _al_register_destructor          [   0.13233] added dtor for sub_bitmap 00000275FFB1FEC0, func 00007FFB82BC118B
dtor     D               dtor.c:196  _al_register_destructor          [   0.13237] added dtor for sub_bitmap 00000275FFB219E0, func 00007FFB82BC118B
dtor     D               dtor.c:196  _al_register_destructor          [   0.13241] added dtor for sub_bitmap 00000275FFB202A0, func 00007FFB82BC118B
dtor     D               dtor.c:196  _al_register_destructor          [   0.13246] added dtor for sub_bitmap 00000275FFB21600, func 00007FFB82BC118B
dtor     D               dtor.c:196  _al_register_destructor          [   0.13258] added dtor for sub_bitmap 00000275FFB200B0, func 00007FFB82BC118B
dtor     D               dtor.c:196  _al_register_destructor          [   0.13266] added dtor for sub_bitmap 00000275FFB20490, func 00007FFB82BC118B
dtor     D               dtor.c:196  _al_register_destructor          [   0.13274] added dtor for sub_bitmap 00000275FFB20680, func 00007FFB82BC118B
dtor     D               dtor.c:196  _al_register_destructor          [   0.13287] added dtor for sub_bitmap 00000275FFB20870, func 00007FFB82BC118B
dtor     D               dtor.c:196  _al_register_destructor          [   0.13301] added dtor for sub_bitmap 00000275FFB258B0, func 00007FFB82BC118B
dtor     D               dtor.c:196  _al_register_destructor          [   0.13314] added dtor for sub_bitmap 00000275FFB256C0, func 00007FFB82BC118B
dtor     D               dtor.c:196  _al_register_destructor          [   0.13321] added dtor for sub_bitmap 00000275FFB252E0, func 00007FFB82BC118B
dtor     D               dtor.c:196  _al_register_destructor          [   0.13327] added dtor for sub_bitmap 00000275FFB25E80, func 00007FFB82BC118B
dtor     D               dtor.c:196  _al_register_destructor          [   0.13335] added dtor for sub_bitmap 00000275FFB26640, func 00007FFB82BC118B
dtor     D               dtor.c:196  _al_register_destructor          [   0.13344] added dtor for sub_bitmap 00000275FFB24F00, func 00007FFB82BC118B
dtor     D               dtor.c:196  _al_register_destructor          [   0.13353] added dtor for sub_bitmap 00000275FFB25AA0, func 00007FFB82BC118B
dtor     D               dtor.c:196  _al_register_destructor          [   0.13381] added dtor for sub_bitmap 00000275FFB26260, func 00007FFB82BC118B
dtor     D               dtor.c:196  _al_register_destructor          [   0.13397] added dtor for sub_bitmap 00000275FFB26830, func 00007FFB82BC118B
dtor     D               dtor.c:196  _al_register_destructor          [   0.13411] added dtor for sub_bitmap 00000275FFB26450, func 00007FFB82BC118B
dtor     D               dtor.c:196  _al_register_destructor          [   0.13423] added dtor for sub_bitmap 00000275FFB25C90, func 00007FFB82BC118B
dtor     D               dtor.c:196  _al_register_destructor          [   0.13438] added dtor for sub_bitmap 00000275FFB26070, func 00007FFB82BC118B
dtor     D               dtor.c:196  _al_register_destructor          [   0.13449] added dtor for sub_bitmap 00000275FFB254D0, func 00007FFB82BC118B
dtor     D               dtor.c:196  _al_register_destructor          [   0.13464] added dtor for sub_bitmap 00000275FFB26A20, func 00007FFB82BC118B
dtor     D               dtor.c:196  _al_register_destructor          [   0.13489] added dtor for sub_bitmap 00000275FFB26C10, func 00007FFB82BC118B
dtor     D               dtor.c:196  _al_register_destructor          [   0.13502] added dtor for sub_bitmap 00000275FFB250F0, func 00007FFB82BC118B
dtor     D               dtor.c:196  _al_register_destructor          [   0.13515] added dtor for sub_bitmap 00000275FFB27E90, func 00007FFB82BC118B
dtor     D               dtor.c:196  _al_register_destructor          [   0.13527] added dtor for sub_bitmap 00000275FFB278C0, func 00007FFB82BC118B
dtor     D               dtor.c:196  _al_register_destructor          [   0.13536] added dtor for sub_bitmap 00000275FFB28C20, func 00007FFB82BC118B
dtor     D               dtor.c:196  _al_register_destructor          [   0.13545] added dtor for sub_bitmap 00000275FFB28460, func 00007FFB82BC118B
dtor     D               dtor.c:196  _al_register_destructor          [   0.13553] added dtor for sub_bitmap 00000275FFB27100, func 00007FFB82BC118B
dtor     D               dtor.c:196  _al_register_destructor          [   0.13562] added dtor for sub_bitmap 00000275FFB28080, func 00007FFB82BC118B
dtor     D               dtor.c:196  _al_register_destructor          [   0.13573] added dtor for sub_bitmap 00000275FFB28650, func 00007FFB82BC118B
dtor     D               dtor.c:196  _al_register_destructor          [   0.13586] added dtor for sub_bitmap 00000275FFB27CA0, func 00007FFB82BC118B
dtor     D               dtor.c:196  _al_register_destructor          [   0.13600] added dtor for sub_bitmap 00000275FFB28840, func 00007FFB82BC118B
dtor     D               dtor.c:196  _al_register_destructor          [   0.13613] added dtor for sub_bitmap 00000275FFB28270, func 00007FFB82BC118B
dtor     D               dtor.c:196  _al_register_destructor          [   0.13622] added dtor for sub_bitmap 00000275FFB28A30, func 00007FFB82BC118B
dtor     D               dtor.c:196  _al_register_destructor          [   0.13631] added dtor for sub_bitmap 00000275FFB26F10, func 00007FFB82BC118B
dtor     D               dtor.c:196  _al_register_destructor          [   0.13638] added dtor for sub_bitmap 00000275FFB272F0, func 00007FFB82BC118B
dtor     D               dtor.c:196  _al_register_destructor          [   0.13645] added dtor for sub_bitmap 00000275FFB274E0, func 00007FFB82BC118B
dtor     D               dtor.c:196  _al_register_destructor          [   0.13654] added dtor for sub_bitmap 00000275FFB276D0, func 00007FFB82BC118B
dtor     D               dtor.c:196  _al_register_destructor          [   0.13660] added dtor for sub_bitmap 00000275FFB27AB0, func 00007FFB82BC118B
dtor     D               dtor.c:196  _al_register_destructor          [   0.13669] added dtor for sub_bitmap 00000275FFB2AED0, func 00007FFB82BC118B
dtor     D               dtor.c:196  _al_register_destructor          [   0.13678] added dtor for sub_bitmap 00000275FFB2BA70, func 00007FFB82BC118B
dtor     D               dtor.c:196  _al_register_destructor          [   0.13685] added dtor for sub_bitmap 00000275FFB2B2B0, func 00007FFB82BC118B
dtor     D               dtor.c:196  _al_register_destructor          [   0.13692] added dtor for sub_bitmap 00000275FFB2B4A0, func 00007FFB82BC118B
dtor     D               dtor.c:196  _al_register_destructor          [   0.13698] added dtor for sub_bitmap 00000275FFB2B690, func 00007FFB82BC118B
dtor     D               dtor.c:196  _al_register_destructor          [   0.13705] added dtor for sub_bitmap 00000275FFB2B880, func 00007FFB82BC118B
dtor     D               dtor.c:196  _al_register_destructor          [   0.13711] added dtor for sub_bitmap 00000275FFB2BC60, func 00007FFB82BC118B
dtor     D               dtor.c:196  _al_register_destructor          [   0.13718] added dtor for sub_bitmap 00000275FFB2BE50, func 00007FFB82BC118B
dtor     D               dtor.c:196  _al_register_destructor          [   0.13724] added dtor for sub_bitmap 00000275FFB2C040, func 00007FFB82BC118B
dtor     D               dtor.c:196  _al_register_destructor          [   0.13731] added dtor for sub_bitmap 00000275FFB2AAF0, func 00007FFB82BC118B
dtor     D               dtor.c:196  _al_register_destructor          [   0.13737] added dtor for sub_bitmap 00000275FFB2A330, func 00007FFB82BC118B
dtor     D               dtor.c:196  _al_register_destructor          [   0.13744] added dtor for sub_bitmap 00000275FFB2A520, func 00007FFB82BC118B
dtor     D               dtor.c:196  _al_register_destructor          [   0.13751] added dtor for sub_bitmap 00000275FFB2A710, func 00007FFB82BC118B
dtor     D               dtor.c:196  _al_register_destructor          [   0.13756] added dtor for sub_bitmap 00000275FFB2A900, func 00007FFB82BC118B
dtor     D               dtor.c:196  _al_register_destructor          [   0.13760] added dtor for sub_bitmap 00000275FFB2ACE0, func 00007FFB82BC118B
dtor     D               dtor.c:196  _al_register_destructor          [   0.13765] added dtor for sub_bitmap 00000275FFB2B0C0, func 00007FFB82BC118B
dtor     D               dtor.c:196  _al_register_destructor          [   0.13774] added dtor for sub_bitmap 00000275FFB307A0, func 00007FFB82BC118B
dtor     D               dtor.c:196  _al_register_destructor          [   0.13778] added dtor for sub_bitmap 00000275FFB2F060, func 00007FFB82BC118B
dtor     D               dtor.c:196  _al_register_destructor          [   0.13784] added dtor for sub_bitmap 00000275FFB30990, func 00007FFB82BC118B
dtor     D               dtor.c:196  _al_register_destructor          [   0.13790] added dtor for sub_bitmap 00000275FFB2F250, func 00007FFB82BC118B
dtor     D               dtor.c:196  _al_register_destructor          [   0.13796] added dtor for sub_bitmap 00000275FFB303C0, func 00007FFB82BC118B
dtor     D               dtor.c:196  _al_register_destructor          [   0.13801] added dtor for sub_bitmap 00000275FFB2D730, func 00007FFB82BC118B
dtor     D               dtor.c:196  _al_register_destructor          [   0.13807] added dtor for sub_bitmap 00000275FFB2D920, func 00007FFB82BC118B
dtor     D               dtor.c:196  _al_register_destructor          [   0.13814] added dtor for sub_bitmap 00000275FFB2EE70, func 00007FFB82BC118B
dtor     D               dtor.c:196  _al_register_destructor          [   0.13820] added dtor for sub_bitmap 00000275FFB2FA10, func 00007FFB82BC118B
dtor     D               dtor.c:196  _al_register_destructor          [   0.13827] added dtor for sub_bitmap 00000275FFB2E0E0, func 00007FFB82BC118B
dtor     D               dtor.c:196  _al_register_destructor          [   0.13833] added dtor for sub_bitmap 00000275FFB2F440, func 00007FFB82BC118B
dtor     D               dtor.c:196  _al_register_destructor          [   0.13838] added dtor for sub_bitmap 00000275FFB2EA90, func 00007FFB82BC118B
dtor     D               dtor.c:196  _al_register_destructor          [   0.13843] added dtor for sub_bitmap 00000275FFB2FC00, func 00007FFB82BC118B
dtor     D               dtor.c:196  _al_register_destructor          [   0.13848] added dtor for sub_bitmap 00000275FFB2F820, func 00007FFB82BC118B
dtor     D               dtor.c:196  _al_register_destructor          [   0.13854] added dtor for sub_bitmap 00000275FFB2E6B0, func 00007FFB82BC118B
dtor     D               dtor.c:196  _al_register_destructor          [   0.13859] added dtor for sub_bitmap 00000275FFB2FDF0, func 00007FFB82BC118B
dtor     D               dtor.c:196  _al_register_destructor          [   0.13863] added dtor for sub_bitmap 00000275FFB305B0, func 00007FFB82BC118B
dtor     D               dtor.c:196  _al_register_destructor          [   0.13870] added dtor for sub_bitmap 00000275FFB30B80, func 00007FFB82BC118B
dtor     D               dtor.c:196  _al_register_destructor          [   0.13877] added dtor for sub_bitmap 00000275FFB2E2D0, func 00007FFB82BC118B
dtor     D               dtor.c:196  _al_register_destructor          [   0.13885] added dtor for sub_bitmap 00000275FFB30D70, func 00007FFB82BC118B
dtor     D               dtor.c:196  _al_register_destructor          [   0.13890] added dtor for sub_bitmap 00000275FFB2DB10, func 00007FFB82BC118B
dtor     D               dtor.c:196  _al_register_destructor          [   0.13896] added dtor for sub_bitmap 00000275FFB2D350, func 00007FFB82BC118B
dtor     D               dtor.c:196  _al_register_destructor          [   0.13901] added dtor for sub_bitmap 00000275FFB2D540, func 00007FFB82BC118B
dtor     D               dtor.c:196  _al_register_destructor          [   0.13909] added dtor for sub_bitmap 00000275FFB30F60, func 00007FFB82BC118B
dtor     D               dtor.c:196  _al_register_destructor          [   0.13915] added dtor for sub_bitmap 00000275FFB2FFE0, func 00007FFB82BC118B
dtor     D               dtor.c:196  _al_register_destructor          [   0.13920] added dtor for sub_bitmap 00000275FFB301D0, func 00007FFB82BC118B
dtor     D               dtor.c:196  _al_register_destructor          [   0.13926] added dtor for sub_bitmap 00000275FFB2DD00, func 00007FFB82BC118B
dtor     D               dtor.c:196  _al_register_destructor          [   0.13931] added dtor for sub_bitmap 00000275FFB2DEF0, func 00007FFB82BC118B
dtor     D               dtor.c:196  _al_register_destructor          [   0.13935] added dtor for sub_bitmap 00000275FFB2E4C0, func 00007FFB82BC118B
dtor     D               dtor.c:196  _al_register_destructor          [   0.13939] added dtor for sub_bitmap 00000275FFB2E8A0, func 00007FFB82BC118B
dtor     D               dtor.c:196  _al_register_destructor          [   0.13943] added dtor for sub_bitmap 00000275FFB2EC80, func 00007FFB82BC118B
dtor     D               dtor.c:196  _al_register_destructor          [   0.13947] added dtor for sub_bitmap 00000275FFB2F630, func 00007FFB82BC118B
dtor     D               dtor.c:196  _al_register_destructor          [   0.13953] added dtor for sub_bitmap 00000275FFB37410, func 00007FFB82BC118B
dtor     D               dtor.c:196  _al_register_destructor          [   0.13958] added dtor for sub_bitmap 00000275FFB35CD0, func 00007FFB82BC118B
dtor     D               dtor.c:196  _al_register_destructor          [   0.13962] added dtor for sub_bitmap 00000275FFB34F40, func 00007FFB82BC118B
dtor     D               dtor.c:196  _al_register_destructor          [   0.13966] added dtor for sub_bitmap 00000275FFB34590, func 00007FFB82BC118B
dtor     D               dtor.c:196  _al_register_destructor          [   0.13970] added dtor for sub_bitmap 00000275FFB36870, func 00007FFB82BC118B
dtor     D               dtor.c:196  _al_register_destructor          [   0.13974] added dtor for sub_bitmap 00000275FFB36A60, func 00007FFB82BC118B
dtor     D               dtor.c:196  _al_register_destructor          [   0.13979] added dtor for sub_bitmap 00000275FFB36490, func 00007FFB82BC118B
dtor     D               dtor.c:196  _al_register_destructor          [   0.13983] added dtor for sub_bitmap 00000275FFB36E40, func 00007FFB82BC118B
dtor     D               dtor.c:196  _al_register_destructor          [   0.13987] added dtor for sub_bitmap 00000275FFB377F0, func 00007FFB82BC118B
dtor     D               dtor.c:196  _al_register_destructor          [   0.13991] added dtor for sub_bitmap 00000275FFB35130, func 00007FFB82BC118B
dtor     D               dtor.c:196  _al_register_destructor          [   0.13996] added dtor for sub_bitmap 00000275FFB37600, func 00007FFB82BC118B
dtor     D               dtor.c:196  _al_register_destructor          [   0.14000] added dtor for sub_bitmap 00000275FFB379E0, func 00007FFB82BC118B
dtor     D               dtor.c:196  _al_register_destructor          [   0.14004] added dtor for sub_bitmap 00000275FFB36C50, func 00007FFB82BC118B
dtor     D               dtor.c:196  _al_register_destructor          [   0.14009] added dtor for sub_bitmap 00000275FFB35320, func 00007FFB82BC118B
dtor     D               dtor.c:196  _al_register_destructor          [   0.14013] added dtor for sub_bitmap 00000275FFB37BD0, func 00007FFB82BC118B
dtor     D               dtor.c:196  _al_register_destructor          [   0.14017] added dtor for sub_bitmap 00000275FFB36680, func 00007FFB82BC118B
dtor     D               dtor.c:196  _al_register_destructor          [   0.14021] added dtor for sub_bitmap 00000275FFB37DC0, func 00007FFB82BC118B
dtor     D               dtor.c:196  _al_register_destructor          [   0.14026] added dtor for sub_bitmap 00000275FFB35510, func 00007FFB82BC118B
dtor     D               dtor.c:196  _al_register_destructor          [   0.14031] added dtor for sub_bitmap 00000275FFB358F0, func 00007FFB82BC118B
dtor     D               dtor.c:196  _al_register_destructor          [   0.14036] added dtor for sub_bitmap 00000275FFB34B60, func 00007FFB82BC118B
dtor     D               dtor.c:196  _al_register_destructor          [   0.14040] added dtor for sub_bitmap 00000275FFB34780, func 00007FFB82BC118B
dtor     D               dtor.c:196  _al_register_destructor          [   0.14044] added dtor for sub_bitmap 00000275FFB35700, func 00007FFB82BC118B
dtor     D               dtor.c:196  _al_register_destructor          [   0.14048] added dtor for sub_bitmap 00000275FFB37030, func 00007FFB82BC118B
dtor     D               dtor.c:196  _al_register_destructor          [   0.14052] added dtor for sub_bitmap 00000275FFB37FB0, func 00007FFB82BC118B
dtor     D               dtor.c:196  _al_register_destructor          [   0.14057] added dtor for sub_bitmap 00000275FFB35AE0, func 00007FFB82BC118B
dtor     D               dtor.c:196  _al_register_destructor          [   0.14061] added dtor for sub_bitmap 00000275FFB34D50, func 00007FFB82BC118B
dtor     D               dtor.c:196  _al_register_destructor          [   0.14065] added dtor for sub_bitmap 00000275FFB37220, func 00007FFB82BC118B
dtor     D               dtor.c:196  _al_register_destructor          [   0.14070] added dtor for sub_bitmap 00000275FFB381A0, func 00007FFB82BC118B
dtor     D               dtor.c:196  _al_register_destructor          [   0.14074] added dtor for sub_bitmap 00000275FFB34970, func 00007FFB82BC118B
dtor     D               dtor.c:196  _al_register_destructor          [   0.14078] added dtor for sub_bitmap 00000275FFB35EC0, func 00007FFB82BC118B
dtor     D               dtor.c:196  _al_register_destructor          [   0.14082] added dtor for sub_bitmap 00000275FFB360B0, func 00007FFB82BC118B
dtor     D               dtor.c:196  _al_register_destructor          [   0.14086] added dtor for sub_bitmap 00000275FFB362A0, func 00007FFB82BC118B
dtor     D               dtor.c:196  _al_register_destructor          [   0.14093] added dtor for sub_bitmap 00000275FFB3BA80, func 00007FFB82BC118B
dtor     D               dtor.c:196  _al_register_destructor          [   0.14097] added dtor for sub_bitmap 00000275FFB3C620, func 00007FFB82BC118B
dtor     D               dtor.c:196  _al_register_destructor          [   0.14102] added dtor for sub_bitmap 00000275FFB3CFD0, func 00007FFB82BC118B
dtor     D               dtor.c:196  _al_register_destructor          [   0.14106] added dtor for sub_bitmap 00000275FFB3B4B0, func 00007FFB82BC118B
dtor     D               dtor.c:196  _al_register_destructor          [   0.14110] added dtor for sub_bitmap 00000275FFB397A0, func 00007FFB82BC118B
dtor     D               dtor.c:196  _al_register_destructor          [   0.14115] added dtor for sub_bitmap 00000275FFB3CBF0, func 00007FFB82BC118B
dtor     D               dtor.c:196  _al_register_destructor          [   0.14119] added dtor for sub_bitmap 00000275FFB3C430, func 00007FFB82BC118B
dtor     D               dtor.c:196  _al_register_destructor          [   0.14123] added dtor for sub_bitmap 00000275FFB3C240, func 00007FFB82BC118B
dtor     D               dtor.c:196  _al_register_destructor          [   0.14128] added dtor for sub_bitmap 00000275FFB3A150, func 00007FFB82BC118B
dtor     D               dtor.c:196  _al_register_destructor          [   0.14132] added dtor for sub_bitmap 00000275FFB3D1C0, func 00007FFB82BC118B
dtor     D               dtor.c:196  _al_register_destructor          [   0.14136] added dtor for sub_bitmap 00000275FFB3ACF0, func 00007FFB82BC118B
dtor     D               dtor.c:196  _al_register_destructor          [   0.14140] added dtor for sub_bitmap 00000275FFB3C050, func 00007FFB82BC118B
dtor     D               dtor.c:196  _al_register_destructor          [   0.14145] added dtor for sub_bitmap 00000275FFB3A340, func 00007FFB82BC118B
dtor     D               dtor.c:196  _al_register_destructor          [   0.14149] added dtor for sub_bitmap 00000275FFB3C810, func 00007FFB82BC118B
dtor     D               dtor.c:196  _al_register_destructor          [   0.14153] added dtor for sub_bitmap 00000275FFB3AB00, func 00007FFB82BC118B
dtor     D               dtor.c:196  _al_register_destructor          [   0.14158] added dtor for sub_bitmap 00000275FFB3A530, func 00007FFB82BC118B
dtor     D               dtor.c:196  _al_register_destructor          [   0.14162] added dtor for sub_bitmap 00000275FFB3CA00, func 00007FFB82BC118B
dtor     D               dtor.c:196  _al_register_destructor          [   0.14167] added dtor for sub_bitmap 00000275FFB3AEE0, func 00007FFB82BC118B
dtor     D               dtor.c:196  _al_register_destructor          [   0.14172] added dtor for sub_bitmap 00000275FFB3B0D0, func 00007FFB82BC118B
dtor     D               dtor.c:196  _al_register_destructor          [   0.14176] added dtor for sub_bitmap 00000275FFB3CDE0, func 00007FFB82BC118B
dtor     D               dtor.c:196  _al_register_destructor          [   0.14180] added dtor for sub_bitmap 00000275FFB395B0, func 00007FFB82BC118B
dtor     D               dtor.c:196  _al_register_destructor          [   0.14185] added dtor for sub_bitmap 00000275FFB39990, func 00007FFB82BC118B
dtor     D               dtor.c:196  _al_register_destructor          [   0.14191] added dtor for sub_bitmap 00000275FFB39B80, func 00007FFB82BC118B
dtor     D               dtor.c:196  _al_register_destructor          [   0.14196] added dtor for sub_bitmap 00000275FFB3B2C0, func 00007FFB82BC118B
dtor     D               dtor.c:196  _al_register_destructor          [   0.14202] added dtor for sub_bitmap 00000275FFB39D70, func 00007FFB82BC118B
dtor     D               dtor.c:196  _al_register_destructor          [   0.14209] added dtor for sub_bitmap 00000275FFB39F60, func 00007FFB82BC118B
dtor     D               dtor.c:196  _al_register_destructor          [   0.14216] added dtor for sub_bitmap 00000275FFB3A720, func 00007FFB82BC118B
dtor     D               dtor.c:196  _al_register_destructor          [   0.14221] added dtor for sub_bitmap 00000275FFB3A910, func 00007FFB82BC118B
dtor     D               dtor.c:196  _al_register_destructor          [   0.14225] added dtor for sub_bitmap 00000275FFB3B6A0, func 00007FFB82BC118B
dtor     D               dtor.c:196  _al_register_destructor          [   0.14230] added dtor for sub_bitmap 00000275FFB3B890, func 00007FFB82BC118B
dtor     D               dtor.c:196  _al_register_destructor          [   0.14234] added dtor for sub_bitmap 00000275FFB3BC70, func 00007FFB82BC118B
dtor     D               dtor.c:196  _al_register_destructor          [   0.14239] added dtor for sub_bitmap 00000275FFB3BE60, func 00007FFB82BC118B
dtor     D               dtor.c:196  _al_register_destructor          [   0.14245] added dtor for sub_bitmap 00000275FFB40170, func 00007FFB82BC118B
dtor     D               dtor.c:196  _al_register_destructor          [   0.14250] added dtor for sub_bitmap 00000275FFB41E80, func 00007FFB82BC118B
dtor     D               dtor.c:196  _al_register_destructor          [   0.14254] added dtor for sub_bitmap 00000275FFB412E0, func 00007FFB82BC118B
dtor     D               dtor.c:196  _al_register_destructor          [   0.14258] added dtor for sub_bitmap 00000275FFB40360, func 00007FFB82BC118B
dtor     D               dtor.c:196  _al_register_destructor          [   0.14263] added dtor for sub_bitmap 00000275FFB416C0, func 00007FFB82BC118B
dtor     D               dtor.c:196  _al_register_destructor          [   0.14267] added dtor for sub_bitmap 00000275FFB41AA0, func 00007FFB82BC118B
dtor     D               dtor.c:196  _al_register_destructor          [   0.14271] added dtor for sub_bitmap 00000275FFB40550, func 00007FFB82BC118B
dtor     D               dtor.c:196  _al_register_destructor          [   0.14276] added dtor for sub_bitmap 00000275FFB418B0, func 00007FFB82BC118B
dtor     D               dtor.c:196  _al_register_destructor          [   0.14281] added dtor for sub_bitmap 00000275FFB414D0, func 00007FFB82BC118B
dtor     D               dtor.c:196  _al_register_destructor          [   0.14285] added dtor for sub_bitmap 00000275FFB3FBA0, func 00007FFB82BC118B
dtor     D               dtor.c:196  _al_register_destructor          [   0.14290] added dtor for sub_bitmap 00000275FFB40D10, func 00007FFB82BC118B
dtor     D               dtor.c:196  _al_register_destructor          [   0.14295] added dtor for sub_bitmap 00000275FFB42070, func 00007FFB82BC118B
dtor     D               dtor.c:196  _al_register_destructor          [   0.14299] added dtor for sub_bitmap 00000275FFB40F00, func 00007FFB82BC118B
dtor     D               dtor.c:196  _al_register_destructor          [   0.14303] added dtor for sub_bitmap 00000275FFB40B20, func 00007FFB82BC118B
dtor     D               dtor.c:196  _al_register_destructor          [   0.14308] added dtor for sub_bitmap 00000275FFB3EC20, func 00007FFB82BC118B
dtor     D               dtor.c:196  _al_register_destructor          [   0.14312] added dtor for sub_bitmap 00000275FFB42260, func 00007FFB82BC118B
dtor     D               dtor.c:196  _al_register_destructor          [   0.14316] added dtor for sub_bitmap 00000275FFB3F3E0, func 00007FFB82BC118B
dtor     D               dtor.c:196  _al_register_destructor          [   0.14322] added dtor for sub_bitmap 00000275FFB3F5D0, func 00007FFB82BC118B
dtor     D               dtor.c:196  _al_register_destructor          [   0.14326] added dtor for sub_bitmap 00000275FFB41C90, func 00007FFB82BC118B
dtor     D               dtor.c:196  _al_register_destructor          [   0.14330] added dtor for sub_bitmap 00000275FFB3F7C0, func 00007FFB82BC118B
dtor     D               dtor.c:196  _al_register_destructor          [   0.14335] added dtor for sub_bitmap 00000275FFB42450, func 00007FFB82BC118B
dtor     D               dtor.c:196  _al_register_destructor          [   0.14339] added dtor for sub_bitmap 00000275FFB3FD90, func 00007FFB82BC118B
dtor     D               dtor.c:196  _al_register_destructor          [   0.14344] added dtor for sub_bitmap 00000275FFB42640, func 00007FFB82BC118B
dtor     D               dtor.c:196  _al_register_destructor          [   0.14350] added dtor for sub_bitmap 00000275FFB42830, func 00007FFB82BC118B
dtor     D               dtor.c:196  _al_register_destructor          [   0.14354] added dtor for sub_bitmap 00000275FFB3FF80, func 00007FFB82BC118B
dtor     D               dtor.c:196  _al_register_destructor          [   0.14359] added dtor for sub_bitmap 00000275FFB410F0, func 00007FFB82BC118B
dtor     D               dtor.c:196  _al_register_destructor          [   0.14363] added dtor for sub_bitmap 00000275FFB3EE10, func 00007FFB82BC118B
dtor     D               dtor.c:196  _al_register_destructor          [   0.14368] added dtor for sub_bitmap 00000275FFB3F000, func 00007FFB82BC118B
dtor     D               dtor.c:196  _al_register_destructor          [   0.14372] added dtor for sub_bitmap 00000275FFB3F1F0, func 00007FFB82BC118B
dtor     D               dtor.c:196  _al_register_destructor          [   0.14376] added dtor for sub_bitmap 00000275FFB3F9B0, func 00007FFB82BC118B
dtor     D               dtor.c:196  _al_register_destructor          [   0.14381] added dtor for sub_bitmap 00000275FFB40740, func 00007FFB82BC118B
dtor     D               dtor.c:196  _al_register_destructor          [   0.14387] added dtor for sub_bitmap 00000275FFB40930, func 00007FFB82BC118B
dtor     D               dtor.c:196  _al_register_destructor          [   0.14395] added dtor for sub_bitmap 00000275FFB46C50, func 00007FFB82BC118B
dtor     D               dtor.c:196  _al_register_destructor          [   0.14400] added dtor for sub_bitmap 00000275FFB4A860, func 00007FFB82BC118B
dtor     D               dtor.c:196  _al_register_destructor          [   0.14404] added dtor for sub_bitmap 00000275FFB4E280, func 00007FFB82BC118B
dtor     D               dtor.c:196  _al_register_destructor          [   0.14409] added dtor for sub_bitmap 00000275FFB46E40, func 00007FFB82BC118B
dtor     D               dtor.c:196  _al_register_destructor          [   0.14413] added dtor for sub_bitmap 00000275FFB4A670, func 00007FFB82BC118B
dtor     D               dtor.c:196  _al_register_destructor          [   0.14417] added dtor for sub_bitmap 00000275FFB48770, func 00007FFB82BC118B
dtor     D               dtor.c:196  _al_register_destructor          [   0.14422] added dtor for sub_bitmap 00000275FFB4D110, func 00007FFB82BC118B
dtor     D               dtor.c:196  _al_register_destructor          [   0.14426] added dtor for sub_bitmap 00000275FFB4C570, func 00007FFB82BC118B
dtor     D               dtor.c:196  _al_register_destructor          [   0.14430] added dtor for sub_bitmap 00000275FFB4DAC0, func 00007FFB82BC118B
dtor     D               dtor.c:196  _al_register_destructor          [   0.14435] added dtor for sub_bitmap 00000275FFB4AE30, func 00007FFB82BC118B
dtor     D               dtor.c:196  _al_register_destructor          [   0.14439] added dtor for sub_bitmap 00000275FFB48F30, func 00007FFB82BC118B
dtor     D               dtor.c:196  _al_register_destructor          [   0.14450] added dtor for sub_bitmap 00000275FFB4AC40, func 00007FFB82BC118B
dtor     D               dtor.c:196  _al_register_destructor          [   0.14458] added dtor for sub_bitmap 00000275FFB4C760, func 00007FFB82BC118B
dtor     D               dtor.c:196  _al_register_destructor          [   0.14465] added dtor for sub_bitmap 00000275FFB4C950, func 00007FFB82BC118B
dtor     D               dtor.c:196  _al_register_destructor          [   0.14472] added dtor for sub_bitmap 00000275FFB4A290, func 00007FFB82BC118B
dtor     D               dtor.c:196  _al_register_destructor          [   0.14479] added dtor for sub_bitmap 00000275FFB4E090, func 00007FFB82BC118B
dtor     D               dtor.c:196  _al_register_destructor          [   0.14486] added dtor for sub_bitmap 00000275FFB4B020, func 00007FFB82BC118B
dtor     D               dtor.c:196  _al_register_destructor          [   0.14495] added dtor for sub_bitmap 00000275FFB47030, func 00007FFB82BC118B
dtor     D               dtor.c:196  _al_register_destructor          [   0.14502] added dtor for sub_bitmap 00000275FFB4DCB0, func 00007FFB82BC118B
dtor     D               dtor.c:196  _al_register_destructor          [   0.14508] added dtor for sub_bitmap 00000275FFB4CB40, func 00007FFB82BC118B
dtor     D               dtor.c:196  _al_register_destructor          [   0.14515] added dtor for sub_bitmap 00000275FFB4CD30, func 00007FFB82BC118B
dtor     D               dtor.c:196  _al_register_destructor          [   0.14522] added dtor for sub_bitmap 00000275FFB48580, func 00007FFB82BC118B
dtor     D               dtor.c:196  _al_register_destructor          [   0.14529] added dtor for sub_bitmap 00000275FFB4E660, func 00007FFB82BC118B
dtor     D               dtor.c:196  _al_register_destructor          [   0.14536] added dtor for sub_bitmap 00000275FFB49CC0, func 00007FFB82BC118B
dtor     D               dtor.c:196  _al_register_destructor          [   0.14543] added dtor for sub_bitmap 00000275FFB4B5F0, func 00007FFB82BC118B
dtor     D               dtor.c:196  _al_register_destructor          [   0.14549] added dtor for sub_bitmap 00000275FFB496F0, func 00007FFB82BC118B
dtor     D               dtor.c:196  _al_register_destructor          [   0.14557] added dtor for sub_bitmap 00000275FFB4D300, func 00007FFB82BC118B
dtor     D               dtor.c:196  _al_register_destructor          [   0.14564] added dtor for sub_bitmap 00000275FFB4B9D0, func 00007FFB82BC118B
dtor     D               dtor.c:196  _al_register_destructor          [   0.14571] added dtor for sub_bitmap 00000275FFB498E0, func 00007FFB82BC118B
dtor     D               dtor.c:196  _al_register_destructor          [   0.14577] added dtor for sub_bitmap 00000275FFB4C380, func 00007FFB82BC118B
dtor     D               dtor.c:196  _al_register_destructor          [   0.14584] added dtor for sub_bitmap 00000275FFB4CF20, func 00007FFB82BC118B
dtor     D               dtor.c:196  _al_register_destructor          [   0.14591] added dtor for sub_bitmap 00000275FFB49AD0, func 00007FFB82BC118B
dtor     D               dtor.c:196  _al_register_destructor          [   0.14597] added dtor for sub_bitmap 00000275FFB4D4F0, func 00007FFB82BC118B
dtor     D               dtor.c:196  _al_register_destructor          [   0.14604] added dtor for sub_bitmap 00000275FFB47220, func 00007FFB82BC118B
dtor     D               dtor.c:196  _al_register_destructor          [   0.14615] added dtor for sub_bitmap 00000275FFB4A480, func 00007FFB82BC118B
dtor     D               dtor.c:196  _al_register_destructor          [   0.14623] added dtor for sub_bitmap 00000275FFB4D6E0, func 00007FFB82BC118B
dtor     D               dtor.c:196  _al_register_destructor          [   0.14630] added dtor for sub_bitmap 00000275FFB4AA50, func 00007FFB82BC118B
dtor     D               dtor.c:196  _al_register_destructor          [   0.14637] added dtor for sub_bitmap 00000275FFB49EB0, func 00007FFB82BC118B
dtor     D               dtor.c:196  _al_register_destructor          [   0.14644] added dtor for sub_bitmap 00000275FFB4D8D0, func 00007FFB82BC118B
dtor     D               dtor.c:196  _al_register_destructor          [   0.14651] added dtor for sub_bitmap 00000275FFB49310, func 00007FFB82BC118B
dtor     D               dtor.c:196  _al_register_destructor          [   0.14658] added dtor for sub_bitmap 00000275FFB4A0A0, func 00007FFB82BC118B
dtor     D               dtor.c:196  _al_register_destructor          [   0.14665] added dtor for sub_bitmap 00000275FFB4BBC0, func 00007FFB82BC118B
dtor     D               dtor.c:196  _al_register_destructor          [   0.14672] added dtor for sub_bitmap 00000275FFB4B210, func 00007FFB82BC118B
dtor     D               dtor.c:196  _al_register_destructor          [   0.14679] added dtor for sub_bitmap 00000275FFB47DC0, func 00007FFB82BC118B
dtor     D               dtor.c:196  _al_register_destructor          [   0.14687] added dtor for sub_bitmap 00000275FFB47410, func 00007FFB82BC118B
dtor     D               dtor.c:196  _al_register_destructor          [   0.14694] added dtor for sub_bitmap 00000275FFB4DEA0, func 00007FFB82BC118B
dtor     D               dtor.c:196  _al_register_destructor          [   0.14701] added dtor for sub_bitmap 00000275FFB49120, func 00007FFB82BC118B
dtor     D               dtor.c:196  _al_register_destructor          [   0.14708] added dtor for sub_bitmap 00000275FFB4B400, func 00007FFB82BC118B
dtor     D               dtor.c:196  _al_register_destructor          [   0.14715] added dtor for sub_bitmap 00000275FFB4B7E0, func 00007FFB82BC118B
dtor     D               dtor.c:196  _al_register_destructor          [   0.14734] added dtor for sub_bitmap 00000275FFB4BDB0, func 00007FFB82BC118B
dtor     D               dtor.c:196  _al_register_destructor          [   0.14742] added dtor for sub_bitmap 00000275FFB49500, func 00007FFB82BC118B
dtor     D               dtor.c:196  _al_register_destructor          [   0.14750] added dtor for sub_bitmap 00000275FFB4E470, func 00007FFB82BC118B
dtor     D               dtor.c:196  _al_register_destructor          [   0.14757] added dtor for sub_bitmap 00000275FFB4BFA0, func 00007FFB82BC118B
dtor     D               dtor.c:196  _al_register_destructor          [   0.14764] added dtor for sub_bitmap 00000275FFB4C190, func 00007FFB82BC118B
dtor     D               dtor.c:196  _al_register_destructor          [   0.14771] added dtor for sub_bitmap 00000275FFB47600, func 00007FFB82BC118B
dtor     D               dtor.c:196  _al_register_destructor          [   0.14778] added dtor for sub_bitmap 00000275FFB477F0, func 00007FFB82BC118B
dtor     D               dtor.c:196  _al_register_destructor          [   0.14786] added dtor for sub_bitmap 00000275FFB479E0, func 00007FFB82BC118B
dtor     D               dtor.c:196  _al_register_destructor          [   0.14793] added dtor for sub_bitmap 00000275FFB47BD0, func 00007FFB82BC118B
dtor     D               dtor.c:196  _al_register_destructor          [   0.14800] added dtor for sub_bitmap 00000275FFB47FB0, func 00007FFB82BC118B
dtor     D               dtor.c:196  _al_register_destructor          [   0.14807] added dtor for sub_bitmap 00000275FFB481A0, func 00007FFB82BC118B
dtor     D               dtor.c:196  _al_register_destructor          [   0.14816] added dtor for sub_bitmap 00000275FFB48390, func 00007FFB82BC118B
dtor     D               dtor.c:196  _al_register_destructor          [   0.14824] added dtor for sub_bitmap 00000275FFB48960, func 00007FFB82BC118B
dtor     D               dtor.c:196  _al_register_destructor          [   0.14830] added dtor for sub_bitmap 00000275FFB48B50, func 00007FFB82BC118B
dtor     D               dtor.c:196  _al_register_destructor          [   0.14841] added dtor for sub_bitmap 00000275FFB48D40, func 00007FFB82BC118B
dtor     D               dtor.c:196  _al_register_destructor          [   0.14849] added dtor for sub_bitmap 00000275FFB4E850, func 00007FFB82BC118B
dtor     D               dtor.c:196  _al_register_destructor          [   0.14858] added dtor for sub_bitmap 00000275FFB55B00, func 00007FFB82BC118B
dtor     D               dtor.c:196  _al_register_destructor          [   0.14864] added dtor for sub_bitmap 00000275FFB55340, func 00007FFB82BC118B
dtor     D               dtor.c:196  _al_register_destructor          [   0.14869] added dtor for sub_bitmap 00000275FFB57BF0, func 00007FFB82BC118B
dtor     D               dtor.c:196  _al_register_destructor          [   0.14875] added dtor for sub_bitmap 00000275FFB59710, func 00007FFB82BC118B
dtor     D               dtor.c:196  _al_register_destructor          [   0.14882] added dtor for sub_bitmap 00000275FFB57620, func 00007FFB82BC118B
dtor     D               dtor.c:196  _al_register_destructor          [   0.14889] added dtor for sub_bitmap 00000275FFB59140, func 00007FFB82BC118B
dtor     D               dtor.c:196  _al_register_destructor          [   0.14896] added dtor for sub_bitmap 00000275FFB59900, func 00007FFB82BC118B
dtor     D               dtor.c:196  _al_register_destructor          [   0.14903] added dtor for sub_bitmap 00000275FFB547A0, func 00007FFB82BC118B
dtor     D               dtor.c:196  _al_register_destructor          [   0.14910] added dtor for sub_bitmap 00000275FFB57810, func 00007FFB82BC118B
dtor     D               dtor.c:196  _al_register_destructor          [   0.14918] added dtor for sub_bitmap 00000275FFB52C80, func 00007FFB82BC118B
dtor     D               dtor.c:196  _al_register_destructor          [   0.14928] added dtor for sub_bitmap 00000275FFB57430, func 00007FFB82BC118B
dtor     D               dtor.c:196  _al_register_destructor          [   0.14944] added dtor for sub_bitmap 00000275FFB53250, func 00007FFB82BC118B
dtor     D               dtor.c:196  _al_register_destructor          [   0.14992] added dtor for sub_bitmap 00000275FFB59ED0, func 00007FFB82BC118B
dtor     D               dtor.c:196  _al_register_destructor          [   0.15004] added dtor for sub_bitmap 00000275FFB53C00, func 00007FFB82BC118B
dtor     D               dtor.c:196  _al_register_destructor          [   0.15015] added dtor for sub_bitmap 00000275FFB56890, func 00007FFB82BC118B
dtor     D               dtor.c:196  _al_register_destructor          [   0.15028] added dtor for sub_bitmap 00000275FFB59AF0, func 00007FFB82BC118B
dtor     D               dtor.c:227  _al_unregister_destructor        [   0.15045] removed dtor for bitmap 00000275FFA17CC0
dtor     D               dtor.c:196  _al_register_destructor          [   0.15063] added dtor for font 00000275FFA21D90, func 00007FFC4115128F
dtor     D               dtor.c:227  _al_unregister_destructor        [   0.15070] removed dtor for bitmap 00000275FFA19400
dtor     D               dtor.c:196  _al_register_destructor          [   0.15079] added dtor for timer 00000275FEDB8B70, func 00007FFB82BC1050
stdio    D         file_stdio.c:110  file_stdio_fopen                 [   0.15086] opening ./nerdola.png rb
stdio    D         file_stdio.c:110  file_stdio_fopen                 [   0.15199] opening ./nerdola.png rb
d3d      D         d3d_disp.cpp:1197 real_choose_bitmap_format        [   0.15431] Fake format
d3d      D         d3d_disp.cpp:1197 real_choose_bitmap_format        [   0.15437] Fake format
d3d      D         d3d_disp.cpp:1197 real_choose_bitmap_format        [   0.15441] Fake format
d3d      D         d3d_disp.cpp:1197 real_choose_bitmap_format        [   0.15444] Fake format
d3d      D         d3d_disp.cpp:1197 real_choose_bitmap_format        [   0.15448] Fake format
d3d      D         d3d_disp.cpp:1197 real_choose_bitmap_format        [   0.15451] Fake format
d3d      D         d3d_disp.cpp:1197 real_choose_bitmap_format        [   0.15454] Fake format
d3d      D         d3d_disp.cpp:1197 real_choose_bitmap_format        [   0.15457] Fake format
d3d      D         d3d_disp.cpp:1197 real_choose_bitmap_format        [   0.15461] Fake format
d3d      D         d3d_disp.cpp:1205 real_choose_bitmap_format        [   0.15464] Alpha doesn't match
d3d      D         d3d_disp.cpp:1212 real_choose_bitmap_format        [   0.15467] Adapter format is 23
d3d      D         d3d_disp.cpp:1215 real_choose_bitmap_format        [   0.15471] Found a format
d3d      I         d3d_disp.cpp:2388 d3d_create_bitmap                [   0.15474] Chose bitmap format 9
dtor     D               dtor.c:196  _al_register_destructor          [   0.15525] added dtor for bitmap 00000275FFB54F60, func 00007FFB82BC118B
stdio    D         file_stdio.c:110  file_stdio_fopen                 [   0.15840] opening ./cena.png rb
stdio    D         file_stdio.c:110  file_stdio_fopen                 [   0.15944] opening ./cena.png rb
d3d      D         d3d_disp.cpp:1197 real_choose_bitmap_format        [   0.15961] Fake format
d3d      D         d3d_disp.cpp:1197 real_choose_bitmap_format        [   0.15966] Fake format
d3d      D         d3d_disp.cpp:1197 real_choose_bitmap_format        [   0.15969] Fake format
d3d      D         d3d_disp.cpp:1197 real_choose_bitmap_format        [   0.15973] Fake format
d3d      D         d3d_disp.cpp:1197 real_choose_bitmap_format        [   0.15976] Fake format
d3d      D         d3d_disp.cpp:1197 real_choose_bitmap_format        [   0.15979] Fake format
d3d      D         d3d_disp.cpp:1197 real_choose_bitmap_format        [   0.15982] Fake format
d3d      D         d3d_disp.cpp:1197 real_choose_bitmap_format        [   0.15985] Fake format
d3d      D         d3d_disp.cpp:1197 real_choose_bitmap_format        [   0.15988] Fake format
d3d      D         d3d_disp.cpp:1205 real_choose_bitmap_format        [   0.15992] Alpha doesn't match
d3d      D         d3d_disp.cpp:1212 real_choose_bitmap_format        [   0.15995] Adapter format is 23
d3d      D         d3d_disp.cpp:1215 real_choose_bitmap_format        [   0.16008] Found a format
d3d      I         d3d_disp.cpp:2388 d3d_create_bitmap                [   0.16012] Chose bitmap format 9
dtor     D               dtor.c:196  _al_register_destructor          [   0.16470] added dtor for bitmap 00000275FFB58980, func 00007FFB82BC118B
dtor     D               dtor.c:196  _al_register_destructor          [   0.31334] added dtor for queue 00000275FEDD8770, func 00007FFB82BC1C30
stdio    D         file_stdio.c:110  file_stdio_fopen                 [   0.31357] opening ./cloro.png rb
stdio    D         file_stdio.c:110  file_stdio_fopen                 [   0.32460] opening ./cloro.png rb
d3d      D         d3d_disp.cpp:1197 real_choose_bitmap_format        [   0.32488] Fake format
d3d      D         d3d_disp.cpp:1197 real_choose_bitmap_format        [   0.32495] Fake format
d3d      D         d3d_disp.cpp:1197 real_choose_bitmap_format        [   0.32501] Fake format
d3d      D         d3d_disp.cpp:1197 real_choose_bitmap_format        [   0.32507] Fake format
d3d      D         d3d_disp.cpp:1197 real_choose_bitmap_format        [   0.32512] Fake format
d3d      D         d3d_disp.cpp:1197 real_choose_bitmap_format        [   0.32517] Fake format
d3d      D         d3d_disp.cpp:1197 real_choose_bitmap_format        [   0.32523] Fake format
d3d      D         d3d_disp.cpp:1197 real_choose_bitmap_format        [   0.32528] Fake format
d3d      D         d3d_disp.cpp:1197 real_choose_bitmap_format        [   0.32533] Fake format
d3d      D         d3d_disp.cpp:1205 real_choose_bitmap_format        [   0.32539] Alpha doesn't match
d3d      D         d3d_disp.cpp:1212 real_choose_bitmap_format        [   0.32543] Adapter format is 23
d3d      D         d3d_disp.cpp:1215 real_choose_bitmap_format        [   0.32549] Found a format
d3d      I         d3d_disp.cpp:2388 d3d_create_bitmap                [   0.32554] Chose bitmap format 9
dtor     D               dtor.c:196  _al_register_destructor          [   0.32583] added dtor for bitmap 00000275FFB59CE0, func 00007FFB82BC118B
stdio    D         file_stdio.c:110  file_stdio_fopen                 [   0.33212] opening ./sodio.png rb
stdio    D         file_stdio.c:110  file_stdio_fopen                 [   0.33301] opening ./sodio.png rb
d3d      D         d3d_disp.cpp:1197 real_choose_bitmap_format        [   0.33325] Fake format
d3d      D         d3d_disp.cpp:1197 real_choose_bitmap_format        [   0.33331] Fake format
d3d      D         d3d_disp.cpp:1197 real_choose_bitmap_format        [   0.33337] Fake format
d3d      D         d3d_disp.cpp:1197 real_choose_bitmap_format        [   0.33342] Fake format
d3d      D         d3d_disp.cpp:1197 real_choose_bitmap_format        [   0.33347] Fake format
d3d      D         d3d_disp.cpp:1197 real_choose_bitmap_format        [   0.33353] Fake format
d3d      D         d3d_disp.cpp:1197 real_choose_bitmap_format        [   0.33358] Fake format
d3d      D         d3d_disp.cpp:1197 real_choose_bitmap_format        [   0.33367] Fake format
d3d      D         d3d_disp.cpp:1197 real_choose_bitmap_format        [   0.33374] Fake format
d3d      D         d3d_disp.cpp:1205 real_choose_bitmap_format        [   0.33380] Alpha doesn't match
d3d      D         d3d_disp.cpp:1212 real_choose_bitmap_format        [   0.33386] Adapter format is 23
d3d      D         d3d_disp.cpp:1215 real_choose_bitmap_format        [   0.33392] Found a format
d3d      I         d3d_disp.cpp:2388 d3d_create_bitmap                [   0.33399] Chose bitmap format 9
dtor     D               dtor.c:196  _al_register_destructor          [   0.33634] added dtor for bitmap 00000275FFB52E70, func 00007FFB82BC118B
stdio    D         file_stdio.c:110  file_stdio_fopen                 [   0.33954] opening ./cloro.png rb
stdio    D         file_stdio.c:110  file_stdio_fopen                 [   0.33981] opening ./cloro.png rb
d3d      D         d3d_disp.cpp:1197 real_choose_bitmap_format        [   0.34000] Fake format
d3d      D         d3d_disp.cpp:1197 real_choose_bitmap_format        [   0.34013] Fake format
d3d      D         d3d_disp.cpp:1197 real_choose_bitmap_format        [   0.34019] Fake format
d3d      D         d3d_disp.cpp:1197 real_choose_bitmap_format        [   0.34025] Fake format
d3d      D         d3d_disp.cpp:1197 real_choose_bitmap_format        [   0.34030] Fake format
d3d      D         d3d_disp.cpp:1197 real_choose_bitmap_format        [   0.34035] Fake format
d3d      D         d3d_disp.cpp:1197 real_choose_bitmap_format        [   0.34039] Fake format
d3d      D         d3d_disp.cpp:1197 real_choose_bitmap_format        [   0.34044] Fake format
d3d      D         d3d_disp.cpp:1197 real_choose_bitmap_format        [   0.34048] Fake format
d3d      D         d3d_disp.cpp:1205 real_choose_bitmap_format        [   0.34053] Alpha doesn't match
d3d      D         d3d_disp.cpp:1212 real_choose_bitmap_format        [   0.34058] Adapter format is 23
d3d      D         d3d_disp.cpp:1215 real_choose_bitmap_format        [   0.34062] Found a format
d3d      I         d3d_disp.cpp:2388 d3d_create_bitmap                [   0.34066] Chose bitmap format 9
dtor     D               dtor.c:196  _al_register_destructor          [   0.34088] added dtor for bitmap 00000275FFB543C0, func 00007FFB82BC118B
stdio    D         file_stdio.c:110  file_stdio_fopen                 [   0.34173] opening ./cloro.png rb
stdio    D         file_stdio.c:110  file_stdio_fopen                 [   0.34191] opening ./cloro.png rb
d3d      D         d3d_disp.cpp:1197 real_choose_bitmap_format        [   0.34210] Fake format
d3d      D         d3d_disp.cpp:1197 real_choose_bitmap_format        [   0.34217] Fake format
d3d      D         d3d_disp.cpp:1197 real_choose_bitmap_format        [   0.34221] Fake format
d3d      D         d3d_disp.cpp:1197 real_choose_bitmap_format        [   0.34227] Fake format
d3d      D         d3d_disp.cpp:1197 real_choose_bitmap_format        [   0.34231] Fake format
d3d      D         d3d_disp.cpp:1197 real_choose_bitmap_format        [   0.34235] Fake format
d3d      D         d3d_disp.cpp:1197 real_choose_bitmap_format        [   0.34240] Fake format
d3d      D         d3d_disp.cpp:1197 real_choose_bitmap_format        [   0.34243] Fake format
d3d      D         d3d_disp.cpp:1197 real_choose_bitmap_format        [   0.34248] Fake format
d3d      D         d3d_disp.cpp:1205 real_choose_bitmap_format        [   0.34253] Alpha doesn't match
d3d      D         d3d_disp.cpp:1212 real_choose_bitmap_format        [   0.34259] Adapter format is 23
d3d      D         d3d_disp.cpp:1215 real_choose_bitmap_format        [   0.34264] Found a format
d3d      I         d3d_disp.cpp:2388 d3d_create_bitmap                [   0.34269] Chose bitmap format 9
dtor     D               dtor.c:196  _al_register_destructor          [   0.34289] added dtor for bitmap 00000275FFB57A00, func 00007FFB82BC118B
stdio    D         file_stdio.c:110  file_stdio_fopen                 [   0.34360] opening ./cloro.png rb
stdio    D         file_stdio.c:110  file_stdio_fopen                 [   0.34384] opening ./cloro.png rb
d3d      D         d3d_disp.cpp:1197 real_choose_bitmap_format        [   0.34403] Fake format
d3d      D         d3d_disp.cpp:1197 real_choose_bitmap_format        [   0.34409] Fake format
d3d      D         d3d_disp.cpp:1197 real_choose_bitmap_format        [   0.34414] Fake format
d3d      D         d3d_disp.cpp:1197 real_choose_bitmap_format        [   0.34419] Fake format
d3d      D         d3d_disp.cpp:1197 real_choose_bitmap_format        [   0.34424] Fake format
d3d      D         d3d_disp.cpp:1197 real_choose_bitmap_format        [   0.34429] Fake format
d3d      D         d3d_disp.cpp:1197 real_choose_bitmap_format        [   0.34433] Fake format
d3d      D         d3d_disp.cpp:1197 real_choose_bitmap_format        [   0.34438] Fake format
d3d      D         d3d_disp.cpp:1197 real_choose_bitmap_format        [   0.34443] Fake format
d3d      D         d3d_disp.cpp:1205 real_choose_bitmap_format        [   0.34454] Alpha doesn't match
d3d      D         d3d_disp.cpp:1212 real_choose_bitmap_format        [   0.34460] Adapter format is 23
d3d      D         d3d_disp.cpp:1215 real_choose_bitmap_format        [   0.34465] Found a format
d3d      I         d3d_disp.cpp:2388 d3d_create_bitmap                [   0.34470] Chose bitmap format 9
dtor     D               dtor.c:196  _al_register_destructor          [   0.34498] added dtor for bitmap 00000275FFB53060, func 00007FFB82BC118B
stdio    D         file_stdio.c:110  file_stdio_fopen                 [   0.34586] opening ./cloro.png rb
stdio    D         file_stdio.c:110  file_stdio_fopen                 [   0.34611] opening ./cloro.png rb
d3d      D         d3d_disp.cpp:1197 real_choose_bitmap_format        [   0.34632] Fake format
d3d      D         d3d_disp.cpp:1197 real_choose_bitmap_format        [   0.34638] Fake format
d3d      D         d3d_disp.cpp:1197 real_choose_bitmap_format        [   0.34644] Fake format
d3d      D         d3d_disp.cpp:1197 real_choose_bitmap_format        [   0.34649] Fake format
d3d      D         d3d_disp.cpp:1197 real_choose_bitmap_format        [   0.34655] Fake format
d3d      D         d3d_disp.cpp:1197 real_choose_bitmap_format        [   0.34661] Fake format
d3d      D         d3d_disp.cpp:1197 real_choose_bitmap_format        [   0.34666] Fake format
d3d      D         d3d_disp.cpp:1197 real_choose_bitmap_format        [   0.34671] Fake format
d3d      D         d3d_disp.cpp:1197 real_choose_bitmap_format        [   0.34676] Fake format
d3d      D         d3d_disp.cpp:1205 real_choose_bitmap_format        [   0.34682] Alpha doesn't match
d3d      D         d3d_disp.cpp:1212 real_choose_bitmap_format        [   0.34687] Adapter format is 23
d3d      D         d3d_disp.cpp:1215 real_choose_bitmap_format        [   0.34691] Found a format
d3d      I         d3d_disp.cpp:2388 d3d_create_bitmap                [   0.34694] Chose bitmap format 9
dtor     D               dtor.c:196  _al_register_destructor          [   0.34766] added dtor for bitmap 00000275FFB5A690, func 00007FFB82BC118B
stdio    D         file_stdio.c:110  file_stdio_fopen                 [   0.34843] opening ./cloro.png rb
stdio    D         file_stdio.c:110  file_stdio_fopen                 [   0.34867] opening ./cloro.png rb
d3d      D         d3d_disp.cpp:1197 real_choose_bitmap_format        [   0.34886] Fake format
d3d      D         d3d_disp.cpp:1197 real_choose_bitmap_format        [   0.34892] Fake format
d3d      D         d3d_disp.cpp:1197 real_choose_bitmap_format        [   0.34900] Fake format
d3d      D         d3d_disp.cpp:1197 real_choose_bitmap_format        [   0.34906] Fake format
d3d      D         d3d_disp.cpp:1197 real_choose_bitmap_format        [   0.34912] Fake format
d3d      D         d3d_disp.cpp:1197 real_choose_bitmap_format        [   0.34919] Fake format
d3d      D         d3d_disp.cpp:1197 real_choose_bitmap_format        [   0.34925] Fake format
d3d      D         d3d_disp.cpp:1197 real_choose_bitmap_format        [   0.34930] Fake format
d3d      D         d3d_disp.cpp:1197 real_choose_bitmap_format        [   0.34935] Fake format
d3d      D         d3d_disp.cpp:1205 real_choose_bitmap_format        [   0.34942] Alpha doesn't match
d3d      D         d3d_disp.cpp:1212 real_choose_bitmap_format        [   0.34949] Adapter format is 23
d3d      D         d3d_disp.cpp:1215 real_choose_bitmap_format        [   0.34954] Found a format
d3d      I         d3d_disp.cpp:2388 d3d_create_bitmap                [   0.34960] Chose bitmap format 9
dtor     D               dtor.c:196  _al_register_destructor          [   0.34991] added dtor for bitmap 00000275FFB59520, func 00007FFB82BC118B
stdio    D         file_stdio.c:110  file_stdio_fopen                 [   0.35078] opening ./cloro.png rb
stdio    D         file_stdio.c:110  file_stdio_fopen                 [   0.35105] opening ./cloro.png rb
d3d      D         d3d_disp.cpp:1197 real_choose_bitmap_format        [   0.35127] Fake format
d3d      D         d3d_disp.cpp:1197 real_choose_bitmap_format        [   0.35154] Fake format
d3d      D         d3d_disp.cpp:1197 real_choose_bitmap_format        [   0.35161] Fake format
d3d      D         d3d_disp.cpp:1197 real_choose_bitmap_format        [   0.35167] Fake format
d3d      D         d3d_disp.cpp:1197 real_choose_bitmap_format        [   0.35172] Fake format
d3d      D         d3d_disp.cpp:1197 real_choose_bitmap_format        [   0.35177] Fake format
d3d      D         d3d_disp.cpp:1197 real_choose_bitmap_format        [   0.35183] Fake format
d3d      D         d3d_disp.cpp:1197 real_choose_bitmap_format        [   0.35187] Fake format
d3d      D         d3d_disp.cpp:1197 real_choose_bitmap_format        [   0.35192] Fake format
d3d      D         d3d_disp.cpp:1205 real_choose_bitmap_format        [   0.35197] Alpha doesn't match
d3d      D         d3d_disp.cpp:1212 real_choose_bitmap_format        [   0.35203] Adapter format is 23
d3d      D         d3d_disp.cpp:1215 real_choose_bitmap_format        [   0.35209] Found a format
d3d      I         d3d_disp.cpp:2388 d3d_create_bitmap                [   0.35214] Chose bitmap format 9
dtor     D               dtor.c:196  _al_register_destructor          [   0.35240] added dtor for bitmap 00000275FFB560D0, func 00007FFB82BC118B
stdio    D         file_stdio.c:110  file_stdio_fopen                 [   0.35335] opening ./cloro.png rb
stdio    D         file_stdio.c:110  file_stdio_fopen                 [   0.35361] opening ./cloro.png rb
d3d      D         d3d_disp.cpp:1197 real_choose_bitmap_format        [   0.35381] Fake format
d3d      D         d3d_disp.cpp:1197 real_choose_bitmap_format        [   0.35388] Fake format
d3d      D         d3d_disp.cpp:1197 real_choose_bitmap_format        [   0.35393] Fake format
d3d      D         d3d_disp.cpp:1197 real_choose_bitmap_format        [   0.35399] Fake format
d3d      D         d3d_disp.cpp:1197 real_choose_bitmap_format        [   0.35404] Fake format
d3d      D         d3d_disp.cpp:1197 real_choose_bitmap_format        [   0.35408] Fake format
d3d      D         d3d_disp.cpp:1197 real_choose_bitmap_format        [   0.35413] Fake format
d3d      D         d3d_disp.cpp:1197 real_choose_bitmap_format        [   0.35418] Fake format
d3d      D         d3d_disp.cpp:1197 real_choose_bitmap_format        [   0.35424] Fake format
d3d      D         d3d_disp.cpp:1205 real_choose_bitmap_format        [   0.35429] Alpha doesn't match
d3d      D         d3d_disp.cpp:1212 real_choose_bitmap_format        [   0.35435] Adapter format is 23
d3d      D         d3d_disp.cpp:1215 real_choose_bitmap_format        [   0.35441] Found a format
d3d      I         d3d_disp.cpp:2388 d3d_create_bitmap                [   0.35445] Chose bitmap format 9
dtor     D               dtor.c:196  _al_register_destructor          [   0.35468] added dtor for bitmap 00000275FFB581C0, func 00007FFB82BC118B
stdio    D         file_stdio.c:110  file_stdio_fopen                 [   0.35539] opening ./cloro.png rb
stdio    D         file_stdio.c:110  file_stdio_fopen                 [   0.35558] opening ./cloro.png rb
d3d      D         d3d_disp.cpp:1197 real_choose_bitmap_format        [   0.35574] Fake format
d3d      D         d3d_disp.cpp:1197 real_choose_bitmap_format        [   0.35580] Fake format
d3d      D         d3d_disp.cpp:1197 real_choose_bitmap_format        [   0.35585] Fake format
d3d      D         d3d_disp.cpp:1197 real_choose_bitmap_format        [   0.35590] Fake format
d3d      D         d3d_disp.cpp:1197 real_choose_bitmap_format        [   0.35596] Fake format
d3d      D         d3d_disp.cpp:1197 real_choose_bitmap_format        [   0.35601] Fake format
d3d      D         d3d_disp.cpp:1197 real_choose_bitmap_format        [   0.35606] Fake format
d3d      D         d3d_disp.cpp:1197 real_choose_bitmap_format        [   0.35611] Fake format
d3d      D         d3d_disp.cpp:1197 real_choose_bitmap_format        [   0.35617] Fake format
d3d      D         d3d_disp.cpp:1205 real_choose_bitmap_format        [   0.35623] Alpha doesn't match
d3d      D         d3d_disp.cpp:1212 real_choose_bitmap_format        [   0.35628] Adapter format is 23
d3d      D         d3d_disp.cpp:1215 real_choose_bitmap_format        [   0.35634] Found a format
d3d      I         d3d_disp.cpp:2388 d3d_create_bitmap                [   0.35640] Chose bitmap format 9
dtor     D               dtor.c:196  _al_register_destructor          [   0.35682] added dtor for bitmap 00000275FFB56C70, func 00007FFB82BC118B
stdio    D         file_stdio.c:110  file_stdio_fopen                 [   0.35805] opening ./cloro.png rb
stdio    D         file_stdio.c:110  file_stdio_fopen                 [   0.35889] opening ./cloro.png rb
d3d      D         d3d_disp.cpp:1197 real_choose_bitmap_format        [   0.35930] Fake format
d3d      D         d3d_disp.cpp:1197 real_choose_bitmap_format        [   0.35938] Fake format
d3d      D         d3d_disp.cpp:1197 real_choose_bitmap_format        [   0.35942] Fake format
d3d      D         d3d_disp.cpp:1197 real_choose_bitmap_format        [   0.35946] Fake format
d3d      D         d3d_disp.cpp:1197 real_choose_bitmap_format        [   0.35951] Fake format
d3d      D         d3d_disp.cpp:1197 real_choose_bitmap_format        [   0.35955] Fake format
d3d      D         d3d_disp.cpp:1197 real_choose_bitmap_format        [   0.35959] Fake format
d3d      D         d3d_disp.cpp:1197 real_choose_bitmap_format        [   0.35964] Fake format
d3d      D         d3d_disp.cpp:1197 real_choose_bitmap_format        [   0.35970] Fake format
d3d      D         d3d_disp.cpp:1205 real_choose_bitmap_format        [   0.35977] Alpha doesn't match
d3d      D         d3d_disp.cpp:1212 real_choose_bitmap_format        [   0.35984] Adapter format is 23
d3d      D         d3d_disp.cpp:1215 real_choose_bitmap_format        [   0.35993] Found a format
d3d      I         d3d_disp.cpp:2388 d3d_create_bitmap                [   0.36000] Chose bitmap format 9
dtor     D               dtor.c:196  _al_register_destructor          [   0.36096] added dtor for bitmap 00000275FFB583B0, func 00007FFB82BC118B
d3d      D          d3d_bmp.cpp:539  _al_d3d_sync_bitmap              [   0.41305] _al_d3d_sync_bitmap (system) ref count == 1
d3d      D          d3d_bmp.cpp:545  _al_d3d_sync_bitmap              [   0.41318] _al_d3d_sync_bitmap (video) ref count == 1
d3d      D          d3d_bmp.cpp:539  _al_d3d_sync_bitmap              [   0.41462] _al_d3d_sync_bitmap (system) ref count == 1
d3d      D          d3d_bmp.cpp:545  _al_d3d_sync_bitmap              [   0.41472] _al_d3d_sync_bitmap (video) ref count == 1
d3d      D          d3d_bmp.cpp:539  _al_d3d_sync_bitmap              [   0.41578] _al_d3d_sync_bitmap (system) ref count == 1
d3d      D          d3d_bmp.cpp:545  _al_d3d_sync_bitmap              [   0.41587] _al_d3d_sync_bitmap (video) ref count == 1
d3d      D          d3d_bmp.cpp:539  _al_d3d_sync_bitmap              [   0.43871] _al_d3d_sync_bitmap (system) ref count == 1
d3d      D          d3d_bmp.cpp:545  _al_d3d_sync_bitmap              [   0.43884] _al_d3d_sync_bitmap (video) ref count == 1
d3d      D          d3d_bmp.cpp:539  _al_d3d_sync_bitmap              [   0.43978] _al_d3d_sync_bitmap (system) ref count == 1
d3d      D          d3d_bmp.cpp:545  _al_d3d_sync_bitmap              [   0.43987] _al_d3d_sync_bitmap (video) ref count == 1
d3d      D          d3d_bmp.cpp:539  _al_d3d_sync_bitmap              [   0.44087] _al_d3d_sync_bitmap (system) ref count == 1
d3d      D          d3d_bmp.cpp:545  _al_d3d_sync_bitmap              [   0.44097] _al_d3d_sync_bitmap (video) ref count == 1
d3d      D          d3d_bmp.cpp:539  _al_d3d_sync_bitmap              [   0.44166] _al_d3d_sync_bitmap (system) ref count == 1
d3d      D          d3d_bmp.cpp:545  _al_d3d_sync_bitmap              [   0.44175] _al_d3d_sync_bitmap (video) ref count == 1
d3d      D          d3d_bmp.cpp:539  _al_d3d_sync_bitmap              [   0.44241] _al_d3d_sync_bitmap (system) ref count == 1
d3d      D          d3d_bmp.cpp:545  _al_d3d_sync_bitmap              [   0.44250] _al_d3d_sync_bitmap (video) ref count == 1
d3d      D          d3d_bmp.cpp:539  _al_d3d_sync_bitmap              [   0.44316] _al_d3d_sync_bitmap (system) ref count == 1
d3d      D          d3d_bmp.cpp:545  _al_d3d_sync_bitmap              [   0.44324] _al_d3d_sync_bitmap (video) ref count == 1
d3d      D          d3d_bmp.cpp:539  _al_d3d_sync_bitmap              [   0.44386] _al_d3d_sync_bitmap (system) ref count == 1
d3d      D          d3d_bmp.cpp:545  _al_d3d_sync_bitmap              [   0.44394] _al_d3d_sync_bitmap (video) ref count == 1
d3d      D          d3d_bmp.cpp:539  _al_d3d_sync_bitmap              [   0.44459] _al_d3d_sync_bitmap (system) ref count == 1
d3d      D          d3d_bmp.cpp:545  _al_d3d_sync_bitmap              [   0.44468] _al_d3d_sync_bitmap (video) ref count == 1
d3d      D          d3d_bmp.cpp:539  _al_d3d_sync_bitmap              [   0.44532] _al_d3d_sync_bitmap (system) ref count == 1
d3d      D          d3d_bmp.cpp:545  _al_d3d_sync_bitmap              [   0.44540] _al_d3d_sync_bitmap (video) ref count == 1
d3d      D          d3d_bmp.cpp:539  _al_d3d_sync_bitmap              [   0.44605] _al_d3d_sync_bitmap (system) ref count == 1
d3d      D          d3d_bmp.cpp:545  _al_d3d_sync_bitmap              [   0.44614] _al_d3d_sync_bitmap (video) ref count == 1
d3d      D          d3d_bmp.cpp:539  _al_d3d_sync_bitmap              [   0.44735] _al_d3d_sync_bitmap (system) ref count == 1
d3d      D          d3d_bmp.cpp:545  _al_d3d_sync_bitmap              [   0.44744] _al_d3d_sync_bitmap (video) ref count == 1
